[2024-07-26 13:51:32,973 - INFO - [Executar] Iniciando execução [5] datetime [2024-07-26 13:51:32]]
[2024-07-26 13:51:38,643 - WARNING - [ConsorcioBB] Versão Selenium Em Execução (V4.21.0).]
[2024-07-26 13:51:38,643 - INFO - [ConsorcioBB] Iniciando Chrome...]
[2024-07-26 13:51:42,245 - ERROR - 
[ConsorcioBB] Falha StartBrowser.
Message: session not created: This version of ChromeDriver only supports Chrome version 125
Current browser version is 127.0.6533.72 with binary path C:\Program Files\Google\Chrome\Application\chrome.exe
Stacktrace:
	GetHandleVerifier [0x00007FF723E41F52+60322]
	(No symbol) [0x00007FF723DBCEC9]
	(No symbol) [0x00007FF723C77EBA]
	(No symbol) [0x00007FF723CB6202]
	(No symbol) [0x00007FF723CB53D8]
	(No symbol) [0x00007FF723CAEFD7]
	(No symbol) [0x00007FF723CAAF74]
	(No symbol) [0x00007FF723CF7934]
	(No symbol) [0x00007FF723CF6F90]
	(No symbol) [0x00007FF723CEBFC3]
	(No symbol) [0x00007FF723CB9617]
	(No symbol) [0x00007FF723CBA211]
	GetHandleVerifier [0x00007FF7241594AD+3301629]
	GetHandleVerifier [0x00007FF7241A36D3+3605283]
	GetHandleVerifier [0x00007FF724199450+3563680]
	GetHandleVerifier [0x00007FF723EF4326+790390]
	(No symbol) [0x00007FF723DC750F]
	(No symbol) [0x00007FF723DC3404]
	(No symbol) [0x00007FF723DC3592]
	(No symbol) [0x00007FF723DB2F9F]
	BaseThreadInitThunk [0x00007FF8ADD0257D+29]
	RtlUserThreadStart [0x00007FF8AE9AAF28+40]
]
[2024-07-26 13:53:53,440 - INFO - [Executar] Iniciando execução [5] datetime [2024-07-26 13:53:53]]
[2024-07-26 13:53:59,008 - WARNING - [ConsorcioBB] Versão Selenium Em Execução (V4.21.0).]
[2024-07-26 13:53:59,008 - INFO - [ConsorcioBB] Iniciando Chrome...]
[2024-07-26 13:54:00,912 - INFO - [ConsorcioBB] Acessando URL (https://www.parceirosbbconsorcios.com.br).]
[2024-07-26 13:54:01,975 - INFO - [ConsorcioBB] Efetuando login PP BB Consórcio.]
[2024-07-26 13:54:03,650 - INFO - [ConsorcioBB] Logado com sucesso no PP BB Consórcio.]
[2024-07-26 13:54:03,651 - INFO - [ConsorcioBB] Fechando Poup-Up Inicial.]
[2024-07-26 13:54:03,753 - INFO - [ConsorcioBB] Poup-Up fechado.]
[2024-07-26 13:54:30,747 - INFO - [ConsorcioBB] Data frame Grupos Ativos [TC] extraído com sucesso. ]
[2024-07-26 13:55:07,438 - INFO - [ConsorcioBB] Data frame Grupos Ativos [AI] extraído com sucesso. ]
[2024-07-26 13:56:06,321 - INFO - [ConsorcioBB] Data frame Grupos Ativos [AU] extraído com sucesso. ]
[2024-07-26 13:56:28,704 - INFO - [ConsorcioBB] Data frame Grupos Ativos [MO] extraído com sucesso. ]
[2024-07-26 13:56:54,641 - INFO - [ConsorcioBB] Data frame Grupos Ativos [EE] extraído com sucesso. ]
[2024-07-26 13:57:08,678 - INFO - [ConsorcioBB] Data frame Grupos Ativos [IM240] extraído com sucesso. ]
[2024-07-26 13:57:12,296 - INFO - [ConsorcioBB] Data frame Grupos Ativos [IMP] extraído com sucesso. ]
[2024-07-26 13:57:13,131 - ERROR - 
[Executar] Falha ao executar programa.
ERROR-> Cannot save file into a non-existent directory: 'Builds\Build Number 5']
[2024-07-26 13:57:13,132 - ERROR - [Executar] Execução Finalizada [2024-07-26 13:57:13] | new execution count [6]]
[2024-07-26 13:59:49,295 - INFO - [Executar] Iniciando execução [5] datetime [2024-07-26 13:59:49]]
[2024-07-26 13:59:56,780 - WARNING - [ConsorcioBB] Versão Selenium Em Execução (V4.21.0).]
[2024-07-26 13:59:56,780 - INFO - [ConsorcioBB] Iniciando Chrome...]
[2024-07-26 13:59:58,768 - INFO - [ConsorcioBB] Acessando URL (https://www.parceirosbbconsorcios.com.br).]
[2024-07-26 13:59:59,291 - INFO - [ConsorcioBB] Efetuando login PP BB Consórcio.]
[2024-07-26 14:00:00,855 - INFO - [ConsorcioBB] Logado com sucesso no PP BB Consórcio.]
[2024-07-26 14:00:00,856 - INFO - [ConsorcioBB] Fechando Poup-Up Inicial.]
[2024-07-26 14:00:00,943 - INFO - [ConsorcioBB] Poup-Up fechado.]
[2024-07-26 14:00:23,126 - INFO - [ConsorcioBB] Data frame Grupos Ativos [TC] extraído com sucesso. ]
[2024-07-26 14:02:50,285 - INFO - [Executar] Iniciando execução [5] datetime [2024-07-26 14:02:50]]
[2024-07-26 14:03:13,417 - WARNING - [ConsorcioBB] Versão Selenium Em Execução (V4.21.0).]
[2024-07-26 14:03:13,417 - INFO - [ConsorcioBB] Iniciando Chrome...]
[2024-07-26 14:03:15,262 - INFO - [ConsorcioBB] Acessando URL (https://www.parceirosbbconsorcios.com.br).]
[2024-07-26 14:03:16,469 - INFO - [ConsorcioBB] Efetuando login PP BB Consórcio.]
[2024-07-26 14:03:19,216 - INFO - [ConsorcioBB] Logado com sucesso no PP BB Consórcio.]
[2024-07-26 14:03:19,217 - INFO - [ConsorcioBB] Fechando Poup-Up Inicial.]
[2024-07-26 14:03:19,315 - INFO - [ConsorcioBB] Poup-Up fechado.]
[2024-07-26 14:03:46,534 - INFO - [ConsorcioBB] Data frame Grupos Ativos [TC] extraído com sucesso. ]
[2024-07-26 14:04:19,348 - INFO - [ConsorcioBB] Data frame Grupos Ativos [AI] extraído com sucesso. ]
[2024-07-26 14:05:19,376 - INFO - [ConsorcioBB] Data frame Grupos Ativos [AU] extraído com sucesso. ]
[2024-07-26 14:05:38,676 - INFO - [ConsorcioBB] Data frame Grupos Ativos [MO] extraído com sucesso. ]
[2024-07-26 14:06:03,782 - INFO - [ConsorcioBB] Data frame Grupos Ativos [EE] extraído com sucesso. ]
[2024-07-26 14:06:18,437 - INFO - [ConsorcioBB] Data frame Grupos Ativos [IM240] extraído com sucesso. ]
[2024-07-26 14:06:22,305 - INFO - [ConsorcioBB] Data frame Grupos Ativos [IMP] extraído com sucesso. ]
[2024-07-26 14:06:23,405 - INFO - [Executar] Arquivo 'df_todosGruposAtivos.xlsx' criado com sucesso.]
[2024-07-26 14:08:33,359 - INFO - [ConsorcioBB] Dados das Assembleias Extraídos com Sucesso.]
[2024-07-26 14:08:33,730 - INFO - [Executar] Arquivo 'df_dados_assembleia.xlsx' criado com sucesso.]
[2024-07-26 14:08:34,223 - INFO - [Executar] Arquivo 'TodosGruposAtivos.xlsx' criado com sucesso.]
[2024-07-26 14:08:34,223 - INFO - [ConsorcioBB] Encerrando Chrome.]
