[2024-10-09 08:04:30,285 - INFO - [Executar] Iniciando execução [12] datetime [2024-10-09 08:04:30]]
[2024-10-09 08:04:30,316 - WARNING - [ConsorcioBB] Versão Selenium Em Execução (V4.21.0).]
[2024-10-09 08:04:30,316 - INFO - [ConsorcioBB] Iniciando Chrome...]
[2024-10-09 08:04:32,608 - INFO - [ConsorcioBB] Acessando URL (https://www.parceirosbbconsorcios.com.br).]
[2024-10-09 08:04:32,799 - INFO - [ConsorcioBB] Efetuando login PP BB Consórcio.]
[2024-10-09 08:04:33,567 - INFO - [ConsorcioBB] Logado com sucesso no PP BB Consórcio.]
[2024-10-09 08:04:33,567 - INFO - [ConsorcioBB] Fechando Poup-Up Inicial.]
[2024-10-09 08:04:33,945 - INFO - [ConsorcioBB] Poup-Up fechado.]
[2024-10-09 08:04:46,221 - INFO - [ConsorcioBB] Data frame Grupos Ativos [TC] extraído com sucesso. ]
[2024-10-09 08:05:10,811 - INFO - [ConsorcioBB] Data frame Grupos Ativos [AI] extraído com sucesso. ]
[2024-10-09 08:05:48,685 - INFO - [ConsorcioBB] Data frame Grupos Ativos [AU] extraído com sucesso. ]
[2024-10-09 08:06:03,268 - INFO - [ConsorcioBB] Data frame Grupos Ativos [MO] extraído com sucesso. ]
[2024-10-09 08:06:34,642 - INFO - [ConsorcioBB] Data frame Grupos Ativos [EE] extraído com sucesso. ]
[2024-10-09 08:06:46,676 - INFO - [ConsorcioBB] Data frame Grupos Ativos [IM240] extraído com sucesso. ]
[2024-10-09 08:06:49,087 - INFO - [ConsorcioBB] Data frame Grupos Ativos [IMP] extraído com sucesso. ]
[2024-10-09 08:06:49,912 - INFO - [Executar] Arquivo 'df_todosGruposAtivos.xlsx' criado com sucesso.]
[2024-10-09 08:06:50,397 - ERROR - 
[ConsorcioBB] Falha ReturnsDataFrameAssemblyData.
'int' object has no attribute 'replace']
[2024-10-09 08:06:50,510 - INFO - [ERROR] Captura de tela do erro salva em [C:\Users\pedro\OneDrive\Anexos\Área de Trabalho\AUTOMAÇÕES ISF\AutomacaoConsorcio\Builds\Build Number 12\error.png]]
