[2024-08-19 07:06:52,860 - INFO - [Executar] Iniciando execução [9] datetime [2024-08-19 07:06:52]]
[2024-08-19 07:08:01,284 - INFO - [Executar] Iniciando execução [9] datetime [2024-08-19 07:08:01]]
[2024-08-19 07:08:01,322 - WARNING - [ConsorcioBB] Versão Selenium Em Execução (V4.21.0).]
[2024-08-19 07:08:01,322 - INFO - [ConsorcioBB] Iniciando Chrome...]
[2024-08-19 07:08:03,563 - INFO - [ConsorcioBB] Acessando URL (https://www.parceirosbbconsorcios.com.br).]
[2024-08-19 07:08:05,857 - INFO - [ConsorcioBB] Efetuando login PP BB Consórcio.]
[2024-08-19 07:08:06,401 - INFO - [ConsorcioBB] Logado com sucesso no PP BB Consórcio.]
[2024-08-19 07:08:06,404 - INFO - [ConsorcioBB] Fechando Poup-Up Inicial.]
[2024-08-19 07:08:06,515 - INFO - [ConsorcioBB] Poup-Up fechado.]
[2024-08-19 07:08:28,041 - INFO - [ConsorcioBB] Data frame Grupos Ativos [TC] extraído com sucesso. ]
[2024-08-19 07:08:54,262 - INFO - [ConsorcioBB] Data frame Grupos Ativos [AI] extraído com sucesso. ]
[2024-08-19 07:09:42,299 - INFO - [ConsorcioBB] Data frame Grupos Ativos [AU] extraído com sucesso. ]
[2024-08-19 07:10:01,776 - INFO - [ConsorcioBB] Data frame Grupos Ativos [MO] extraído com sucesso. ]
[2024-08-19 07:10:23,560 - INFO - [ConsorcioBB] Data frame Grupos Ativos [EE] extraído com sucesso. ]
[2024-08-19 07:10:36,175 - INFO - [ConsorcioBB] Data frame Grupos Ativos [IM240] extraído com sucesso. ]
[2024-08-19 07:10:37,845 - INFO - [ConsorcioBB] Data frame Grupos Ativos [IMP] extraído com sucesso. ]
[2024-08-19 07:10:38,899 - INFO - [Executar] Arquivo 'df_todosGruposAtivos.xlsx' criado com sucesso.]
[2024-08-19 07:11:54,991 - INFO - [ConsorcioBB] Dados das Assembleias Extraídos com Sucesso.]
[2024-08-19 07:11:55,326 - INFO - [Executar] Arquivo 'df_dados_assembleia.xlsx' criado com sucesso.]
[2024-08-19 07:11:55,752 - INFO - [Executar] Arquivo 'TodosGruposAtivos.xlsx' criado com sucesso.]
[2024-08-19 07:11:55,752 - INFO - [ConsorcioBB] Encerrando Chrome.]
[2024-08-19 07:12:53,700 - INFO - [Executar] Iniciando execução [9] datetime [2024-08-19 07:12:53]]
[2024-08-19 07:12:55,210 - WARNING - [Executar] ARQUIVO 'TodosGruposAtivosComVendas.xlsx' GERADO COM SUCESSO.]
