[2024-07-29 10:19:04,370 - INFO - [Executar] Iniciando execução [6] datetime [2024-07-29 10:19:04]]
[2024-07-29 10:19:09,098 - WARNING - [ConsorcioBB] Versão Selenium Em Execução (V4.21.0).]
[2024-07-29 10:19:09,098 - INFO - [ConsorcioBB] Iniciando Chrome...]
[2024-07-29 10:19:10,975 - INFO - [ConsorcioBB] Acessando URL (https://www.parceirosbbconsorcios.com.br).]
[2024-07-29 10:19:11,348 - INFO - [ConsorcioBB] Efetuando login PP BB Consórcio.]
[2024-07-29 10:19:13,132 - INFO - [ConsorcioBB] Logado com sucesso no PP BB Consórcio.]
[2024-07-29 10:19:13,133 - INFO - [ConsorcioBB] Fechando Poup-Up Inicial.]
[2024-07-29 10:19:13,255 - INFO - [ConsorcioBB] Poup-Up fechado.]
[2024-07-29 10:19:33,585 - INFO - [ConsorcioBB] Data frame Grupos Ativos [TC] extraído com sucesso. ]
[2024-07-29 10:19:57,125 - INFO - [ConsorcioBB] Data frame Grupos Ativos [AI] extraído com sucesso. ]
[2024-07-29 10:20:46,532 - INFO - [ConsorcioBB] Data frame Grupos Ativos [AU] extraído com sucesso. ]
[2024-07-29 10:21:04,816 - INFO - [ConsorcioBB] Data frame Grupos Ativos [MO] extraído com sucesso. ]
[2024-07-29 10:21:25,103 - INFO - [ConsorcioBB] Data frame Grupos Ativos [EE] extraído com sucesso. ]
[2024-07-29 10:21:37,943 - INFO - [ConsorcioBB] Data frame Grupos Ativos [IM240] extraído com sucesso. ]
[2024-07-29 10:21:40,646 - INFO - [ConsorcioBB] Data frame Grupos Ativos [IMP] extraído com sucesso. ]
[2024-07-29 10:21:41,541 - INFO - [Executar] Arquivo 'df_todosGruposAtivos.xlsx' criado com sucesso.]
[2024-07-29 10:22:54,429 - INFO - [ConsorcioBB] Dados das Assembleias Extraídos com Sucesso.]
[2024-07-29 10:22:54,731 - INFO - [Executar] Arquivo 'df_dados_assembleia.xlsx' criado com sucesso.]
[2024-07-29 10:31:16,038 - ERROR - [ConsorcioBB] Erro ao processar grupo 1593: Message: 
Stacktrace:
	GetHandleVerifier [0x00007FF716CF9632+30946]
	(No symbol) [0x00007FF716CAE3C9]
	(No symbol) [0x00007FF716BA6FDA]
	(No symbol) [0x00007FF716BF822C]
	(No symbol) [0x00007FF716BF850C]
	(No symbol) [0x00007FF716C3DCB7]
	(No symbol) [0x00007FF716C1CAAF]
	(No symbol) [0x00007FF716C3B041]
	(No symbol) [0x00007FF716C1C813]
	(No symbol) [0x00007FF716BEA6E5]
	(No symbol) [0x00007FF716BEB021]
	GetHandleVerifier [0x00007FF716E2F83D+1301229]
	GetHandleVerifier [0x00007FF716E3BDB7+1351783]
	GetHandleVerifier [0x00007FF716E32A03+1313971]
	GetHandleVerifier [0x00007FF716D2DD06+245686]
	(No symbol) [0x00007FF716CB758F]
	(No symbol) [0x00007FF716CB3804]
	(No symbol) [0x00007FF716CB3992]
	(No symbol) [0x00007FF716CAA3EF]
	BaseThreadInitThunk [0x00007FF8ADD0257D+29]
	RtlUserThreadStart [0x00007FF8AE9AAF28+40]
]
[2024-07-29 10:31:16,042 - WARNING - [ConsorcioBB] Tentando novamente para o grupo 1593 devido a um erro.]
[2024-07-29 10:42:53,650 - ERROR - [ConsorcioBB] Erro ao processar grupo 1466: Message: 
Stacktrace:
	GetHandleVerifier [0x00007FF716CF9632+30946]
	(No symbol) [0x00007FF716CAE3C9]
	(No symbol) [0x00007FF716BA6FDA]
	(No symbol) [0x00007FF716BF822C]
	(No symbol) [0x00007FF716BF850C]
	(No symbol) [0x00007FF716C3DCB7]
	(No symbol) [0x00007FF716C1CAAF]
	(No symbol) [0x00007FF716C3B041]
	(No symbol) [0x00007FF716C1C813]
	(No symbol) [0x00007FF716BEA6E5]
	(No symbol) [0x00007FF716BEB021]
	GetHandleVerifier [0x00007FF716E2F83D+1301229]
	GetHandleVerifier [0x00007FF716E3BDB7+1351783]
	GetHandleVerifier [0x00007FF716E32A03+1313971]
	GetHandleVerifier [0x00007FF716D2DD06+245686]
	(No symbol) [0x00007FF716CB758F]
	(No symbol) [0x00007FF716CB3804]
	(No symbol) [0x00007FF716CB3992]
	(No symbol) [0x00007FF716CAA3EF]
	BaseThreadInitThunk [0x00007FF8ADD0257D+29]
	RtlUserThreadStart [0x00007FF8AE9AAF28+40]
]
[2024-07-29 10:42:53,654 - WARNING - [ConsorcioBB] Tentando novamente para o grupo 1466 devido a um erro.]
[2024-07-29 10:55:05,686 - ERROR - [ConsorcioBB] Erro ao processar grupo 1298: Message: 
Stacktrace:
	GetHandleVerifier [0x00007FF716CF9632+30946]
	(No symbol) [0x00007FF716CAE3C9]
	(No symbol) [0x00007FF716BA6FDA]
	(No symbol) [0x00007FF716BF822C]
	(No symbol) [0x00007FF716BF850C]
	(No symbol) [0x00007FF716C3DCB7]
	(No symbol) [0x00007FF716C1CAAF]
	(No symbol) [0x00007FF716C3B041]
	(No symbol) [0x00007FF716C1C813]
	(No symbol) [0x00007FF716BEA6E5]
	(No symbol) [0x00007FF716BEB021]
	GetHandleVerifier [0x00007FF716E2F83D+1301229]
	GetHandleVerifier [0x00007FF716E3BDB7+1351783]
	GetHandleVerifier [0x00007FF716E32A03+1313971]
	GetHandleVerifier [0x00007FF716D2DD06+245686]
	(No symbol) [0x00007FF716CB758F]
	(No symbol) [0x00007FF716CB3804]
	(No symbol) [0x00007FF716CB3992]
	(No symbol) [0x00007FF716CAA3EF]
	BaseThreadInitThunk [0x00007FF8ADD0257D+29]
	RtlUserThreadStart [0x00007FF8AE9AAF28+40]
]
[2024-07-29 10:55:05,691 - WARNING - [ConsorcioBB] Tentando novamente para o grupo 1298 devido a um erro.]
[2024-07-29 11:19:20,421 - ERROR - [ConsorcioBB] Erro ao processar grupo 1353: Message: 
Stacktrace:
	GetHandleVerifier [0x00007FF716CF9632+30946]
	(No symbol) [0x00007FF716CAE3C9]
	(No symbol) [0x00007FF716BA6FDA]
	(No symbol) [0x00007FF716BF822C]
	(No symbol) [0x00007FF716BF850C]
	(No symbol) [0x00007FF716C3DCB7]
	(No symbol) [0x00007FF716C1CAAF]
	(No symbol) [0x00007FF716C3B041]
	(No symbol) [0x00007FF716C1C813]
	(No symbol) [0x00007FF716BEA6E5]
	(No symbol) [0x00007FF716BEB021]
	GetHandleVerifier [0x00007FF716E2F83D+1301229]
	GetHandleVerifier [0x00007FF716E3BDB7+1351783]
	GetHandleVerifier [0x00007FF716E32A03+1313971]
	GetHandleVerifier [0x00007FF716D2DD06+245686]
	(No symbol) [0x00007FF716CB758F]
	(No symbol) [0x00007FF716CB3804]
	(No symbol) [0x00007FF716CB3992]
	(No symbol) [0x00007FF716CAA3EF]
	BaseThreadInitThunk [0x00007FF8ADD0257D+29]
	RtlUserThreadStart [0x00007FF8AE9AAF28+40]
]
[2024-07-29 11:19:20,425 - WARNING - [ConsorcioBB] Tentando novamente para o grupo 1353 devido a um erro.]
[2024-07-29 11:25:29,261 - ERROR - [ConsorcioBB] Erro ao processar grupo 1463: Message: 
Stacktrace:
	GetHandleVerifier [0x00007FF716CF9632+30946]
	(No symbol) [0x00007FF716CAE3C9]
	(No symbol) [0x00007FF716BA6FDA]
	(No symbol) [0x00007FF716BF822C]
	(No symbol) [0x00007FF716BF850C]
	(No symbol) [0x00007FF716C3DCB7]
	(No symbol) [0x00007FF716C1CAAF]
	(No symbol) [0x00007FF716C3B041]
	(No symbol) [0x00007FF716C1C813]
	(No symbol) [0x00007FF716BEA6E5]
	(No symbol) [0x00007FF716BEB021]
	GetHandleVerifier [0x00007FF716E2F83D+1301229]
	GetHandleVerifier [0x00007FF716E3BDB7+1351783]
	GetHandleVerifier [0x00007FF716E32A03+1313971]
	GetHandleVerifier [0x00007FF716D2DD06+245686]
	(No symbol) [0x00007FF716CB758F]
	(No symbol) [0x00007FF716CB3804]
	(No symbol) [0x00007FF716CB3992]
	(No symbol) [0x00007FF716CAA3EF]
	BaseThreadInitThunk [0x00007FF8ADD0257D+29]
	RtlUserThreadStart [0x00007FF8AE9AAF28+40]
]
[2024-07-29 11:25:29,265 - WARNING - [ConsorcioBB] Tentando novamente para o grupo 1463 devido a um erro.]
[2024-07-29 11:29:53,579 - ERROR - [ConsorcioBB] Erro ao processar grupo 1602: Message: 
Stacktrace:
	GetHandleVerifier [0x00007FF716CF9632+30946]
	(No symbol) [0x00007FF716CAE3C9]
	(No symbol) [0x00007FF716BA6FDA]
	(No symbol) [0x00007FF716BF822C]
	(No symbol) [0x00007FF716BF850C]
	(No symbol) [0x00007FF716C3DCB7]
	(No symbol) [0x00007FF716C1CAAF]
	(No symbol) [0x00007FF716C3B041]
	(No symbol) [0x00007FF716C1C813]
	(No symbol) [0x00007FF716BEA6E5]
	(No symbol) [0x00007FF716BEB021]
	GetHandleVerifier [0x00007FF716E2F83D+1301229]
	GetHandleVerifier [0x00007FF716E3BDB7+1351783]
	GetHandleVerifier [0x00007FF716E32A03+1313971]
	GetHandleVerifier [0x00007FF716D2DD06+245686]
	(No symbol) [0x00007FF716CB758F]
	(No symbol) [0x00007FF716CB3804]
	(No symbol) [0x00007FF716CB3992]
	(No symbol) [0x00007FF716CAA3EF]
	BaseThreadInitThunk [0x00007FF8ADD0257D+29]
	RtlUserThreadStart [0x00007FF8AE9AAF28+40]
]
[2024-07-29 11:29:53,583 - WARNING - [ConsorcioBB] Tentando novamente para o grupo 1602 devido a um erro.]
[2024-07-29 11:34:18,545 - ERROR - [ConsorcioBB] Erro ao processar grupo 1512: Message: 
Stacktrace:
	GetHandleVerifier [0x00007FF716CF9632+30946]
	(No symbol) [0x00007FF716CAE3C9]
	(No symbol) [0x00007FF716BA6FDA]
	(No symbol) [0x00007FF716BF822C]
	(No symbol) [0x00007FF716BF850C]
	(No symbol) [0x00007FF716C3DCB7]
	(No symbol) [0x00007FF716C1CAAF]
	(No symbol) [0x00007FF716C3B041]
	(No symbol) [0x00007FF716C1C813]
	(No symbol) [0x00007FF716BEA6E5]
	(No symbol) [0x00007FF716BEB021]
	GetHandleVerifier [0x00007FF716E2F83D+1301229]
	GetHandleVerifier [0x00007FF716E3BDB7+1351783]
	GetHandleVerifier [0x00007FF716E32A03+1313971]
	GetHandleVerifier [0x00007FF716D2DD06+245686]
	(No symbol) [0x00007FF716CB758F]
	(No symbol) [0x00007FF716CB3804]
	(No symbol) [0x00007FF716CB3992]
	(No symbol) [0x00007FF716CAA3EF]
	BaseThreadInitThunk [0x00007FF8ADD0257D+29]
	RtlUserThreadStart [0x00007FF8AE9AAF28+40]
]
[2024-07-29 11:34:18,549 - WARNING - [ConsorcioBB] Tentando novamente para o grupo 1512 devido a um erro.]
[2024-07-29 11:43:57,224 - ERROR - [ConsorcioBB] Erro ao processar grupo 1650: Message: 
Stacktrace:
	GetHandleVerifier [0x00007FF716CF9632+30946]
	(No symbol) [0x00007FF716CAE3C9]
	(No symbol) [0x00007FF716BA6FDA]
	(No symbol) [0x00007FF716BF822C]
	(No symbol) [0x00007FF716BF850C]
	(No symbol) [0x00007FF716C3DCB7]
	(No symbol) [0x00007FF716C1CAAF]
	(No symbol) [0x00007FF716C3B041]
	(No symbol) [0x00007FF716C1C813]
	(No symbol) [0x00007FF716BEA6E5]
	(No symbol) [0x00007FF716BEB021]
	GetHandleVerifier [0x00007FF716E2F83D+1301229]
	GetHandleVerifier [0x00007FF716E3BDB7+1351783]
	GetHandleVerifier [0x00007FF716E32A03+1313971]
	GetHandleVerifier [0x00007FF716D2DD06+245686]
	(No symbol) [0x00007FF716CB758F]
	(No symbol) [0x00007FF716CB3804]
	(No symbol) [0x00007FF716CB3992]
	(No symbol) [0x00007FF716CAA3EF]
	BaseThreadInitThunk [0x00007FF8ADD0257D+29]
	RtlUserThreadStart [0x00007FF8AE9AAF28+40]
]
[2024-07-29 11:43:57,229 - WARNING - [ConsorcioBB] Tentando novamente para o grupo 1650 devido a um erro.]
[2024-07-29 11:52:32,585 - INFO - [ConsorcioBB] Média contemplações extraídas com sucesso.]
[2024-07-29 11:52:32,820 - INFO - [Executar] Arquivo 'df_medias_assembleias.xlsx' criado com sucesso.]
[2024-07-29 11:52:33,299 - INFO - [Executar] Arquivo 'TodosGruposAtivos.xlsx' criado com sucesso.]
[2024-07-29 11:52:33,299 - INFO - [ConsorcioBB] Encerrando Chrome.]
