[2024-07-29 12:00:52,877 - INFO - [Executar] Iniciando execução [7] datetime [2024-07-29 12:00:52]]
[2024-07-29 12:01:00,317 - WARNING - [ConsorcioBB] Versão Selenium Em Execução (V4.21.0).]
[2024-07-29 12:01:00,317 - INFO - [ConsorcioBB] Iniciando Chrome...]
[2024-07-29 12:01:02,071 - INFO - [ConsorcioBB] Acessando URL (https://www.parceirosbbconsorcios.com.br).]
[2024-07-29 12:01:02,409 - INFO - [ConsorcioBB] Efetuando login PP BB Consórcio.]
[2024-07-29 12:01:03,678 - INFO - [ConsorcioBB] Logado com sucesso no PP BB Consórcio.]
[2024-07-29 12:01:03,679 - INFO - [ConsorcioBB] Fechando Poup-Up Inicial.]
[2024-07-29 12:01:03,868 - INFO - [ConsorcioBB] Poup-Up fechado.]
[2024-07-29 12:01:28,539 - INFO - [ConsorcioBB] Data frame Grupos Ativos [TC] extraído com sucesso. ]
[2024-07-29 12:01:54,816 - INFO - [ConsorcioBB] Data frame Grupos Ativos [AI] extraído com sucesso. ]
[2024-07-29 12:02:49,847 - INFO - [ConsorcioBB] Data frame Grupos Ativos [AU] extraído com sucesso. ]
[2024-07-29 12:03:09,608 - INFO - [ConsorcioBB] Data frame Grupos Ativos [MO] extraído com sucesso. ]
[2024-07-29 12:03:32,508 - INFO - [ConsorcioBB] Data frame Grupos Ativos [EE] extraído com sucesso. ]
[2024-07-29 12:03:49,394 - INFO - [ConsorcioBB] Data frame Grupos Ativos [IM240] extraído com sucesso. ]
[2024-07-29 12:03:52,581 - INFO - [ConsorcioBB] Data frame Grupos Ativos [IMP] extraído com sucesso. ]
[2024-07-29 12:03:53,549 - INFO - [Executar] Arquivo 'df_todosGruposAtivos.xlsx' criado com sucesso.]
[2024-07-29 12:05:14,357 - INFO - [ConsorcioBB] Dados das Assembleias Extraídos com Sucesso.]
[2024-07-29 12:05:14,640 - INFO - [Executar] Arquivo 'df_dados_assembleia.xlsx' criado com sucesso.]
[2024-07-29 13:07:01,208 - ERROR - [ConsorcioBB] Erro ao processar grupo 1515: Message: 
Stacktrace:
	GetHandleVerifier [0x00007FF716CF9632+30946]
	(No symbol) [0x00007FF716CAE3C9]
	(No symbol) [0x00007FF716BA6FDA]
	(No symbol) [0x00007FF716BF822C]
	(No symbol) [0x00007FF716BF850C]
	(No symbol) [0x00007FF716C3DCB7]
	(No symbol) [0x00007FF716C1CAAF]
	(No symbol) [0x00007FF716C3B041]
	(No symbol) [0x00007FF716C1C813]
	(No symbol) [0x00007FF716BEA6E5]
	(No symbol) [0x00007FF716BEB021]
	GetHandleVerifier [0x00007FF716E2F83D+1301229]
	GetHandleVerifier [0x00007FF716E3BDB7+1351783]
	GetHandleVerifier [0x00007FF716E32A03+1313971]
	GetHandleVerifier [0x00007FF716D2DD06+245686]
	(No symbol) [0x00007FF716CB758F]
	(No symbol) [0x00007FF716CB3804]
	(No symbol) [0x00007FF716CB3992]
	(No symbol) [0x00007FF716CAA3EF]
	BaseThreadInitThunk [0x00007FF8ADD0257D+29]
	RtlUserThreadStart [0x00007FF8AE9AAF28+40]
]
[2024-07-29 13:07:01,215 - WARNING - [ConsorcioBB] Tentando novamente para o grupo 1515 devido a uma falha de execução.]
[2024-07-29 13:12:38,488 - ERROR - [ConsorcioBB] Erro ao processar grupo 1569: Message: 
Stacktrace:
	GetHandleVerifier [0x00007FF716CF9632+30946]
	(No symbol) [0x00007FF716CAE3C9]
	(No symbol) [0x00007FF716BA6FDA]
	(No symbol) [0x00007FF716BF822C]
	(No symbol) [0x00007FF716BF850C]
	(No symbol) [0x00007FF716C3DCB7]
	(No symbol) [0x00007FF716C1CAAF]
	(No symbol) [0x00007FF716C3B041]
	(No symbol) [0x00007FF716C1C813]
	(No symbol) [0x00007FF716BEA6E5]
	(No symbol) [0x00007FF716BEB021]
	GetHandleVerifier [0x00007FF716E2F83D+1301229]
	GetHandleVerifier [0x00007FF716E3BDB7+1351783]
	GetHandleVerifier [0x00007FF716E32A03+1313971]
	GetHandleVerifier [0x00007FF716D2DD06+245686]
	(No symbol) [0x00007FF716CB758F]
	(No symbol) [0x00007FF716CB3804]
	(No symbol) [0x00007FF716CB3992]
	(No symbol) [0x00007FF716CAA3EF]
	BaseThreadInitThunk [0x00007FF8ADD0257D+29]
	RtlUserThreadStart [0x00007FF8AE9AAF28+40]
]
[2024-07-29 13:12:38,492 - WARNING - [ConsorcioBB] Tentando novamente para o grupo 1569 devido a uma falha de execução.]
[2024-07-29 13:14:49,513 - ERROR - [ConsorcioBB] Erro ao processar grupo 1578: Message: 
Stacktrace:
	GetHandleVerifier [0x00007FF716CF9632+30946]
	(No symbol) [0x00007FF716CAE3C9]
	(No symbol) [0x00007FF716BA6FDA]
	(No symbol) [0x00007FF716BF822C]
	(No symbol) [0x00007FF716BF850C]
	(No symbol) [0x00007FF716C3DCB7]
	(No symbol) [0x00007FF716C1CAAF]
	(No symbol) [0x00007FF716C3B041]
	(No symbol) [0x00007FF716C1C813]
	(No symbol) [0x00007FF716BEA6E5]
	(No symbol) [0x00007FF716BEB021]
	GetHandleVerifier [0x00007FF716E2F83D+1301229]
	GetHandleVerifier [0x00007FF716E3BDB7+1351783]
	GetHandleVerifier [0x00007FF716E32A03+1313971]
	GetHandleVerifier [0x00007FF716D2DD06+245686]
	(No symbol) [0x00007FF716CB758F]
	(No symbol) [0x00007FF716CB3804]
	(No symbol) [0x00007FF716CB3992]
	(No symbol) [0x00007FF716CAA3EF]
	BaseThreadInitThunk [0x00007FF8ADD0257D+29]
	RtlUserThreadStart [0x00007FF8AE9AAF28+40]
]
[2024-07-29 13:14:49,519 - WARNING - [ConsorcioBB] Tentando novamente para o grupo 1578 devido a uma falha de execução.]
[2024-07-29 13:15:59,621 - ERROR - [ConsorcioBB] Erro ao processar grupo 1598: Message: 
Stacktrace:
	GetHandleVerifier [0x00007FF716CF9632+30946]
	(No symbol) [0x00007FF716CAE3C9]
	(No symbol) [0x00007FF716BA6FDA]
	(No symbol) [0x00007FF716BF822C]
	(No symbol) [0x00007FF716BF850C]
	(No symbol) [0x00007FF716C3DCB7]
	(No symbol) [0x00007FF716C1CAAF]
	(No symbol) [0x00007FF716C3B041]
	(No symbol) [0x00007FF716C1C813]
	(No symbol) [0x00007FF716BEA6E5]
	(No symbol) [0x00007FF716BEB021]
	GetHandleVerifier [0x00007FF716E2F83D+1301229]
	GetHandleVerifier [0x00007FF716E3BDB7+1351783]
	GetHandleVerifier [0x00007FF716E32A03+1313971]
	GetHandleVerifier [0x00007FF716D2DD06+245686]
	(No symbol) [0x00007FF716CB758F]
	(No symbol) [0x00007FF716CB3804]
	(No symbol) [0x00007FF716CB3992]
	(No symbol) [0x00007FF716CAA3EF]
	BaseThreadInitThunk [0x00007FF8ADD0257D+29]
	RtlUserThreadStart [0x00007FF8AE9AAF28+40]
]
[2024-07-29 13:15:59,625 - WARNING - [ConsorcioBB] Tentando novamente para o grupo 1598 devido a uma falha de execução.]
[2024-07-29 13:17:03,603 - ERROR - [ConsorcioBB] Erro ao processar grupo 1607: Message: 
Stacktrace:
	GetHandleVerifier [0x00007FF716CF9632+30946]
	(No symbol) [0x00007FF716CAE3C9]
	(No symbol) [0x00007FF716BA6FDA]
	(No symbol) [0x00007FF716BF822C]
	(No symbol) [0x00007FF716BF850C]
	(No symbol) [0x00007FF716C3DCB7]
	(No symbol) [0x00007FF716C1CAAF]
	(No symbol) [0x00007FF716C3B041]
	(No symbol) [0x00007FF716C1C813]
	(No symbol) [0x00007FF716BEA6E5]
	(No symbol) [0x00007FF716BEB021]
	GetHandleVerifier [0x00007FF716E2F83D+1301229]
	GetHandleVerifier [0x00007FF716E3BDB7+1351783]
	GetHandleVerifier [0x00007FF716E32A03+1313971]
	GetHandleVerifier [0x00007FF716D2DD06+245686]
	(No symbol) [0x00007FF716CB758F]
	(No symbol) [0x00007FF716CB3804]
	(No symbol) [0x00007FF716CB3992]
	(No symbol) [0x00007FF716CAA3EF]
	BaseThreadInitThunk [0x00007FF8ADD0257D+29]
	RtlUserThreadStart [0x00007FF8AE9AAF28+40]
]
[2024-07-29 13:17:03,608 - WARNING - [ConsorcioBB] Tentando novamente para o grupo 1607 devido a uma falha de execução.]
[2024-07-29 13:19:19,557 - ERROR - [ConsorcioBB] Erro ao processar grupo 1650: Message: 
Stacktrace:
	GetHandleVerifier [0x00007FF716CF9632+30946]
	(No symbol) [0x00007FF716CAE3C9]
	(No symbol) [0x00007FF716BA6FDA]
	(No symbol) [0x00007FF716BF822C]
	(No symbol) [0x00007FF716BF850C]
	(No symbol) [0x00007FF716C3DCB7]
	(No symbol) [0x00007FF716C1CAAF]
	(No symbol) [0x00007FF716C3B041]
	(No symbol) [0x00007FF716C1C813]
	(No symbol) [0x00007FF716BEA6E5]
	(No symbol) [0x00007FF716BEB021]
	GetHandleVerifier [0x00007FF716E2F83D+1301229]
	GetHandleVerifier [0x00007FF716E3BDB7+1351783]
	GetHandleVerifier [0x00007FF716E32A03+1313971]
	GetHandleVerifier [0x00007FF716D2DD06+245686]
	(No symbol) [0x00007FF716CB758F]
	(No symbol) [0x00007FF716CB3804]
	(No symbol) [0x00007FF716CB3992]
	(No symbol) [0x00007FF716CAA3EF]
	BaseThreadInitThunk [0x00007FF8ADD0257D+29]
	RtlUserThreadStart [0x00007FF8AE9AAF28+40]
]
[2024-07-29 13:19:19,563 - WARNING - [ConsorcioBB] Tentando novamente para o grupo 1650 devido a uma falha de execução.]
[2024-07-29 13:20:58,063 - ERROR - [ConsorcioBB] Erro ao processar grupo 1700: Message: 
Stacktrace:
	GetHandleVerifier [0x00007FF716CF9632+30946]
	(No symbol) [0x00007FF716CAE3C9]
	(No symbol) [0x00007FF716BA6FDA]
	(No symbol) [0x00007FF716BF822C]
	(No symbol) [0x00007FF716BF850C]
	(No symbol) [0x00007FF716C3DCB7]
	(No symbol) [0x00007FF716C1CAAF]
	(No symbol) [0x00007FF716C3B041]
	(No symbol) [0x00007FF716C1C813]
	(No symbol) [0x00007FF716BEA6E5]
	(No symbol) [0x00007FF716BEB021]
	GetHandleVerifier [0x00007FF716E2F83D+1301229]
	GetHandleVerifier [0x00007FF716E3BDB7+1351783]
	GetHandleVerifier [0x00007FF716E32A03+1313971]
	GetHandleVerifier [0x00007FF716D2DD06+245686]
	(No symbol) [0x00007FF716CB758F]
	(No symbol) [0x00007FF716CB3804]
	(No symbol) [0x00007FF716CB3992]
	(No symbol) [0x00007FF716CAA3EF]
	BaseThreadInitThunk [0x00007FF8ADD0257D+29]
	RtlUserThreadStart [0x00007FF8AE9AAF28+40]
]
[2024-07-29 13:20:58,067 - WARNING - [ConsorcioBB] Tentando novamente para o grupo 1700 devido a uma falha de execução.]
[2024-07-29 13:21:15,666 - ERROR - [ConsorcioBB] Erro ao processar grupo 1700: Message: 
Stacktrace:
	GetHandleVerifier [0x00007FF716CF9632+30946]
	(No symbol) [0x00007FF716CAE3C9]
	(No symbol) [0x00007FF716BA6FDA]
	(No symbol) [0x00007FF716BF822C]
	(No symbol) [0x00007FF716BF850C]
	(No symbol) [0x00007FF716C3DCB7]
	(No symbol) [0x00007FF716C1CAAF]
	(No symbol) [0x00007FF716C3B041]
	(No symbol) [0x00007FF716C1C813]
	(No symbol) [0x00007FF716BEA6E5]
	(No symbol) [0x00007FF716BEB021]
	GetHandleVerifier [0x00007FF716E2F83D+1301229]
	GetHandleVerifier [0x00007FF716E3BDB7+1351783]
	GetHandleVerifier [0x00007FF716E32A03+1313971]
	GetHandleVerifier [0x00007FF716D2DD06+245686]
	(No symbol) [0x00007FF716CB758F]
	(No symbol) [0x00007FF716CB3804]
	(No symbol) [0x00007FF716CB3992]
	(No symbol) [0x00007FF716CAA3EF]
	BaseThreadInitThunk [0x00007FF8ADD0257D+29]
	RtlUserThreadStart [0x00007FF8AE9AAF28+40]
]
[2024-07-29 13:21:15,668 - WARNING - [ConsorcioBB] Média do grupo 1700 não pode ser gerada.]
[2024-07-29 13:28:06,657 - ERROR - [ConsorcioBB] Erro ao processar grupo 1626: Message: 
Stacktrace:
	GetHandleVerifier [0x00007FF716CF9632+30946]
	(No symbol) [0x00007FF716CAE3C9]
	(No symbol) [0x00007FF716BA6FDA]
	(No symbol) [0x00007FF716BF822C]
	(No symbol) [0x00007FF716BF850C]
	(No symbol) [0x00007FF716C3DCB7]
	(No symbol) [0x00007FF716C1CAAF]
	(No symbol) [0x00007FF716C3B041]
	(No symbol) [0x00007FF716C1C813]
	(No symbol) [0x00007FF716BEA6E5]
	(No symbol) [0x00007FF716BEB021]
	GetHandleVerifier [0x00007FF716E2F83D+1301229]
	GetHandleVerifier [0x00007FF716E3BDB7+1351783]
	GetHandleVerifier [0x00007FF716E32A03+1313971]
	GetHandleVerifier [0x00007FF716D2DD06+245686]
	(No symbol) [0x00007FF716CB758F]
	(No symbol) [0x00007FF716CB3804]
	(No symbol) [0x00007FF716CB3992]
	(No symbol) [0x00007FF716CAA3EF]
	BaseThreadInitThunk [0x00007FF8ADD0257D+29]
	RtlUserThreadStart [0x00007FF8AE9AAF28+40]
]
[2024-07-29 13:28:06,661 - WARNING - [ConsorcioBB] Tentando novamente para o grupo 1626 devido a uma falha de execução.]
[2024-07-29 13:31:33,451 - INFO - [ConsorcioBB] Média contemplações extraídas com sucesso.]
[2024-07-29 13:31:34,062 - INFO - [Executar] Arquivo 'df_medias_assembleias.xlsx' criado com sucesso.]
[2024-07-29 13:31:35,531 - INFO - [Executar] Arquivo 'TodosGruposAtivos.xlsx' criado com sucesso.]
[2024-07-29 13:31:35,531 - INFO - [ConsorcioBB] Encerrando Chrome.]
