[2024-09-16 19:46:58,477 - INFO - [Executar] Iniciando execução [11] datetime [2024-09-16 19:46:58]]
[2024-09-16 19:46:58,518 - WARNING - [ConsorcioBB] Versão Selenium Em Execução (V4.21.0).]
[2024-09-16 19:46:58,518 - INFO - [ConsorcioBB] Iniciando Chrome...]
[2024-09-16 19:47:01,287 - INFO - [ConsorcioBB] Acessando URL (https://www.parceirosbbconsorcios.com.br).]
[2024-09-16 19:47:04,130 - INFO - [ConsorcioBB] Efetuando login PP BB Consórcio.]
[2024-09-16 19:47:05,371 - INFO - [ConsorcioBB] Logado com sucesso no PP BB Consórcio.]
[2024-09-16 19:47:05,373 - INFO - [ConsorcioBB] Fechando Poup-Up Inicial.]
[2024-09-16 19:47:05,523 - INFO - [ConsorcioBB] Poup-Up fechado.]
[2024-09-16 19:47:32,497 - INFO - [ConsorcioBB] Data frame Grupos Ativos [TC] extraído com sucesso. ]
[2024-09-16 19:48:01,922 - INFO - [ConsorcioBB] Data frame Grupos Ativos [AI] extraído com sucesso. ]
[2024-09-16 19:49:05,334 - INFO - [ConsorcioBB] Data frame Grupos Ativos [AU] extraído com sucesso. ]
[2024-09-16 19:49:31,151 - INFO - [ConsorcioBB] Data frame Grupos Ativos [MO] extraído com sucesso. ]
[2024-09-16 19:49:56,710 - INFO - [ConsorcioBB] Data frame Grupos Ativos [EE] extraído com sucesso. ]
[2024-09-16 19:50:11,599 - INFO - [ConsorcioBB] Data frame Grupos Ativos [IM240] extraído com sucesso. ]
[2024-09-16 19:50:14,059 - INFO - [ConsorcioBB] Data frame Grupos Ativos [IMP] extraído com sucesso. ]
[2024-09-16 19:50:16,426 - INFO - [Executar] Arquivo 'df_todosGruposAtivos.xlsx' criado com sucesso.]
[2024-09-16 19:51:56,263 - INFO - [ConsorcioBB] Dados das Assembleias Extraídos com Sucesso.]
[2024-09-16 19:51:56,673 - INFO - [Executar] Arquivo 'df_dados_assembleia.xlsx' criado com sucesso.]
[2024-09-16 19:51:57,210 - INFO - [Executar] Arquivo 'TodosGruposAtivos.xlsx' criado com sucesso.]
[2024-09-16 19:51:57,210 - INFO - [ConsorcioBB] Encerrando Chrome.]
[2024-09-27 06:27:27,964 - INFO - [Executar] Iniciando execução [11] datetime [2024-09-27 06:27:27]]
[2024-09-27 06:27:55,129 - INFO - [Executar] Iniciando execução [11] datetime [2024-09-27 06:27:55]]
[2024-09-27 06:28:16,517 - INFO - [Executar] Iniciando execução [11] datetime [2024-09-27 06:28:16]]
[2024-09-27 06:28:16,550 - WARNING - [ConsorcioBB] Versão Selenium Em Execução (V4.21.0).]
[2024-09-27 06:28:16,550 - INFO - [ConsorcioBB] Iniciando Chrome...]
[2024-09-27 06:28:20,148 - ERROR - 
[ConsorcioBB] Falha StartBrowser.
Message: session not created: This version of ChromeDriver only supports Chrome version 127
Current browser version is 129.0.6668.60 with binary path C:\Program Files\Google\Chrome\Application\chrome.exe
Stacktrace:
	GetHandleVerifier [0x00007FF6F69F9632+30946]
	(No symbol) [0x00007FF6F69AE3C9]
	(No symbol) [0x00007FF6F68A6FDA]
	(No symbol) [0x00007FF6F68E7341]
	(No symbol) [0x00007FF6F68E6598]
	(No symbol) [0x00007FF6F68E148D]
	(No symbol) [0x00007FF6F68DC4FA]
	(No symbol) [0x00007FF6F69278B9]
	(No symbol) [0x00007FF6F6926F20]
	(No symbol) [0x00007FF6F691C813]
	(No symbol) [0x00007FF6F68EA6E5]
	(No symbol) [0x00007FF6F68EB021]
	GetHandleVerifier [0x00007FF6F6B2F83D+1301229]
	GetHandleVerifier [0x00007FF6F6B3BDB7+1351783]
	GetHandleVerifier [0x00007FF6F6B32A03+1313971]
	GetHandleVerifier [0x00007FF6F6A2DD06+245686]
	(No symbol) [0x00007FF6F69B758F]
	(No symbol) [0x00007FF6F69B3804]
	(No symbol) [0x00007FF6F69B3992]
	(No symbol) [0x00007FF6F69AA3EF]
	BaseThreadInitThunk [0x00007FFB7D62257D+29]
	RtlUserThreadStart [0x00007FFB7F5CAF28+40]
]
[2024-09-27 06:30:04,739 - INFO - [Executar] Iniciando execução [11] datetime [2024-09-27 06:30:04]]
[2024-09-27 06:30:04,771 - WARNING - [ConsorcioBB] Versão Selenium Em Execução (V4.21.0).]
[2024-09-27 06:30:04,771 - INFO - [ConsorcioBB] Iniciando Chrome...]
[2024-09-27 06:30:06,406 - INFO - [ConsorcioBB] Acessando URL (https://www.parceirosbbconsorcios.com.br).]
[2024-09-27 06:30:08,585 - INFO - [ConsorcioBB] Efetuando login PP BB Consórcio.]
[2024-09-27 06:30:09,780 - INFO - [ConsorcioBB] Logado com sucesso no PP BB Consórcio.]
[2024-09-27 06:30:09,780 - INFO - [ConsorcioBB] Fechando Poup-Up Inicial.]
[2024-09-27 06:30:09,911 - INFO - [ConsorcioBB] Poup-Up fechado.]
[2024-09-27 06:30:27,810 - INFO - [ConsorcioBB] Data frame Grupos Ativos [TC] extraído com sucesso. ]
[2024-09-27 06:30:53,397 - INFO - [ConsorcioBB] Data frame Grupos Ativos [AI] extraído com sucesso. ]
[2024-09-27 06:31:42,695 - INFO - [ConsorcioBB] Data frame Grupos Ativos [AU] extraído com sucesso. ]
[2024-09-27 06:32:00,323 - INFO - [ConsorcioBB] Data frame Grupos Ativos [MO] extraído com sucesso. ]
[2024-09-27 06:32:27,709 - INFO - [ConsorcioBB] Data frame Grupos Ativos [EE] extraído com sucesso. ]
[2024-09-27 06:32:41,094 - INFO - [ConsorcioBB] Data frame Grupos Ativos [IM240] extraído com sucesso. ]
[2024-09-27 06:32:43,506 - INFO - [ConsorcioBB] Data frame Grupos Ativos [IMP] extraído com sucesso. ]
[2024-09-27 06:32:44,346 - INFO - [Executar] Arquivo 'df_todosGruposAtivos.xlsx' criado com sucesso.]
[2024-09-27 06:33:51,188 - INFO - [ConsorcioBB] Dados das Assembleias Extraídos com Sucesso.]
[2024-09-27 06:33:51,493 - INFO - [Executar] Arquivo 'df_dados_assembleia.xlsx' criado com sucesso.]
[2024-09-27 06:33:51,896 - INFO - [Executar] Arquivo 'TodosGruposAtivos.xlsx' criado com sucesso.]
[2024-09-27 06:33:51,896 - INFO - [ConsorcioBB] Encerrando Chrome.]
[2024-09-27 18:42:32,786 - INFO - [Executar] Iniciando execução [11] datetime [2024-09-27 18:42:32]]
[2024-09-27 18:42:32,854 - WARNING - [ConsorcioBB] Versão Selenium Em Execução (V4.21.0).]
[2024-09-27 18:42:32,854 - INFO - [ConsorcioBB] Iniciando Chrome...]
[2024-09-27 18:42:34,816 - INFO - [ConsorcioBB] Acessando URL (https://www.parceirosbbconsorcios.com.br).]
[2024-09-27 18:42:37,324 - INFO - [ConsorcioBB] Efetuando login PP BB Consórcio.]
[2024-09-27 18:42:38,609 - INFO - [ConsorcioBB] Logado com sucesso no PP BB Consórcio.]
[2024-09-27 18:42:38,609 - INFO - [ConsorcioBB] Fechando Poup-Up Inicial.]
[2024-09-27 18:42:38,689 - INFO - [ConsorcioBB] Poup-Up fechado.]
[2024-09-27 18:42:57,637 - INFO - [ConsorcioBB] Data frame Grupos Ativos [TC] extraído com sucesso. ]
[2024-09-27 18:43:21,052 - INFO - [ConsorcioBB] Data frame Grupos Ativos [AI] extraído com sucesso. ]
[2024-09-27 18:44:06,799 - INFO - [ConsorcioBB] Data frame Grupos Ativos [AU] extraído com sucesso. ]
[2024-09-27 18:44:23,654 - INFO - [ConsorcioBB] Data frame Grupos Ativos [MO] extraído com sucesso. ]
[2024-09-27 18:44:49,183 - INFO - [ConsorcioBB] Data frame Grupos Ativos [EE] extraído com sucesso. ]
[2024-09-27 18:45:01,993 - INFO - [ConsorcioBB] Data frame Grupos Ativos [IM240] extraído com sucesso. ]
[2024-09-27 18:45:04,706 - INFO - [ConsorcioBB] Data frame Grupos Ativos [IMP] extraído com sucesso. ]
[2024-09-27 18:45:05,696 - INFO - [Executar] Arquivo 'df_todosGruposAtivos.xlsx' criado com sucesso.]
[2024-09-27 18:46:23,772 - INFO - [ConsorcioBB] Dados das Assembleias Extraídos com Sucesso.]
[2024-09-27 18:46:24,216 - INFO - [Executar] Arquivo 'df_dados_assembleia.xlsx' criado com sucesso.]
[2024-09-27 18:52:55,831 - ERROR - error
Message: timeout: Timed out receiving message from renderer: 300.000
  (Session info: chrome=129.0.6668.60)
Stacktrace:
	GetHandleVerifier [0x00007FF61264B125+29573]
	(No symbol) [0x00007FF6125BFF50]
	(No symbol) [0x00007FF61247B6EA]
	(No symbol) [0x00007FF6124641E7]
	(No symbol) [0x00007FF612463EEA]
	(No symbol) [0x00007FF612461D65]
	(No symbol) [0x00007FF6124625BF]
	(No symbol) [0x00007FF6124710CE]
	(No symbol) [0x00007FF612489B8D]
	(No symbol) [0x00007FF61248F71A]
	(No symbol) [0x00007FF612462D24]
	(No symbol) [0x00007FF612489972]
	(No symbol) [0x00007FF612518A01]
	(No symbol) [0x00007FF6124F70A3]
	(No symbol) [0x00007FF6124C12DF]
	(No symbol) [0x00007FF6124C2441]
	GetHandleVerifier [0x00007FF61297C76D+3377613]
	GetHandleVerifier [0x00007FF6129C7B67+3685831]
	GetHandleVerifier [0x00007FF6129BCF8B+3641835]
	GetHandleVerifier [0x00007FF61270B2A6+816390]
	(No symbol) [0x00007FF6125CB25F]
	(No symbol) [0x00007FF6125C7084]
	(No symbol) [0x00007FF6125C7220]
	(No symbol) [0x00007FF6125B607F]
	BaseThreadInitThunk [0x00007FFB7D62257D+29]
	RtlUserThreadStart [0x00007FFB7F5CAF28+40]
]
[2024-09-27 18:52:56,944 - WARNING - [ConsorcioBB] Tentando novamente para o grupo 1416 devido a uma falha de execução.]
[2024-09-27 18:53:08,328 - WARNING - [ConsorcioBB] Média do grupo 1416 não pode ser gerada.]
[2024-09-27 18:53:19,770 - WARNING - [ConsorcioBB] Tentando novamente para o grupo 1423 devido a uma falha de execução.]
[2024-09-27 18:53:31,122 - WARNING - [ConsorcioBB] Média do grupo 1423 não pode ser gerada.]
[2024-09-27 18:53:42,477 - WARNING - [ConsorcioBB] Tentando novamente para o grupo 1513 devido a uma falha de execução.]
[2024-09-27 18:53:53,817 - WARNING - [ConsorcioBB] Média do grupo 1513 não pode ser gerada.]
[2024-09-27 18:54:05,152 - WARNING - [ConsorcioBB] Tentando novamente para o grupo 1535 devido a uma falha de execução.]
[2024-09-27 18:54:16,541 - WARNING - [ConsorcioBB] Média do grupo 1535 não pode ser gerada.]
[2024-09-27 18:54:27,875 - WARNING - [ConsorcioBB] Tentando novamente para o grupo 1543 devido a uma falha de execução.]
[2024-09-27 18:54:39,204 - WARNING - [ConsorcioBB] Média do grupo 1543 não pode ser gerada.]
[2024-09-27 18:54:50,590 - WARNING - [ConsorcioBB] Tentando novamente para o grupo 1548 devido a uma falha de execução.]
[2024-09-27 18:55:01,933 - WARNING - [ConsorcioBB] Média do grupo 1548 não pode ser gerada.]
[2024-09-27 18:55:13,267 - WARNING - [ConsorcioBB] Tentando novamente para o grupo 1561 devido a uma falha de execução.]
[2024-09-27 18:55:24,604 - WARNING - [ConsorcioBB] Média do grupo 1561 não pode ser gerada.]
[2024-09-27 18:55:35,940 - WARNING - [ConsorcioBB] Tentando novamente para o grupo 1564 devido a uma falha de execução.]
[2024-09-27 18:55:47,281 - WARNING - [ConsorcioBB] Média do grupo 1564 não pode ser gerada.]
[2024-09-27 18:55:58,602 - WARNING - [ConsorcioBB] Tentando novamente para o grupo 1570 devido a uma falha de execução.]
[2024-09-27 18:56:09,953 - WARNING - [ConsorcioBB] Média do grupo 1570 não pode ser gerada.]
[2024-09-27 18:56:21,294 - WARNING - [ConsorcioBB] Tentando novamente para o grupo 1579 devido a uma falha de execução.]
[2024-09-27 18:56:32,657 - WARNING - [ConsorcioBB] Média do grupo 1579 não pode ser gerada.]
[2024-09-27 18:56:44,079 - WARNING - [ConsorcioBB] Tentando novamente para o grupo 1593 devido a uma falha de execução.]
[2024-09-27 18:56:55,488 - WARNING - [ConsorcioBB] Média do grupo 1593 não pode ser gerada.]
[2024-09-27 18:57:06,890 - WARNING - [ConsorcioBB] Tentando novamente para o grupo 1604 devido a uma falha de execução.]
[2024-09-27 18:57:18,240 - WARNING - [ConsorcioBB] Média do grupo 1604 não pode ser gerada.]
[2024-09-27 18:57:29,639 - WARNING - [ConsorcioBB] Tentando novamente para o grupo 1610 devido a uma falha de execução.]
[2024-09-27 18:57:41,038 - WARNING - [ConsorcioBB] Média do grupo 1610 não pode ser gerada.]
[2024-09-27 18:57:52,397 - WARNING - [ConsorcioBB] Tentando novamente para o grupo 1627 devido a uma falha de execução.]
[2024-09-27 18:58:03,802 - WARNING - [ConsorcioBB] Média do grupo 1627 não pode ser gerada.]
[2024-09-27 18:58:15,207 - WARNING - [ConsorcioBB] Tentando novamente para o grupo 1638 devido a uma falha de execução.]
[2024-09-27 18:58:26,609 - WARNING - [ConsorcioBB] Média do grupo 1638 não pode ser gerada.]
[2024-09-27 18:58:38,017 - WARNING - [ConsorcioBB] Tentando novamente para o grupo 1639 devido a uma falha de execução.]
[2024-09-27 18:58:49,367 - WARNING - [ConsorcioBB] Média do grupo 1639 não pode ser gerada.]
[2024-09-27 18:59:00,771 - WARNING - [ConsorcioBB] Tentando novamente para o grupo 1641 devido a uma falha de execução.]
[2024-09-27 18:59:12,128 - WARNING - [ConsorcioBB] Média do grupo 1641 não pode ser gerada.]
[2024-09-27 18:59:23,531 - WARNING - [ConsorcioBB] Tentando novamente para o grupo 1644 devido a uma falha de execução.]
[2024-09-27 18:59:34,890 - WARNING - [ConsorcioBB] Média do grupo 1644 não pode ser gerada.]
[2024-09-27 18:59:46,373 - WARNING - [ConsorcioBB] Tentando novamente para o grupo 1646 devido a uma falha de execução.]
[2024-09-27 18:59:57,713 - WARNING - [ConsorcioBB] Média do grupo 1646 não pode ser gerada.]
[2024-09-27 19:00:09,149 - WARNING - [ConsorcioBB] Tentando novamente para o grupo 1647 devido a uma falha de execução.]
[2024-09-27 19:00:20,684 - WARNING - [ConsorcioBB] Média do grupo 1647 não pode ser gerada.]
[2024-09-27 19:00:31,996 - WARNING - [ConsorcioBB] Tentando novamente para o grupo 1649 devido a uma falha de execução.]
[2024-09-27 19:00:43,306 - WARNING - [ConsorcioBB] Média do grupo 1649 não pode ser gerada.]
[2024-09-27 19:00:54,695 - WARNING - [ConsorcioBB] Tentando novamente para o grupo 1662 devido a uma falha de execução.]
[2024-09-27 19:01:06,083 - WARNING - [ConsorcioBB] Média do grupo 1662 não pode ser gerada.]
[2024-09-27 19:01:17,438 - WARNING - [ConsorcioBB] Tentando novamente para o grupo 1698 devido a uma falha de execução.]
[2024-09-27 19:01:28,768 - WARNING - [ConsorcioBB] Média do grupo 1698 não pode ser gerada.]
[2024-09-27 19:01:40,233 - WARNING - [ConsorcioBB] Tentando novamente para o grupo 1421 devido a uma falha de execução.]
[2024-09-27 19:01:51,571 - WARNING - [ConsorcioBB] Média do grupo 1421 não pode ser gerada.]
[2024-09-27 19:02:02,931 - WARNING - [ConsorcioBB] Tentando novamente para o grupo 1422 devido a uma falha de execução.]
[2024-09-27 19:02:14,316 - WARNING - [ConsorcioBB] Média do grupo 1422 não pode ser gerada.]
[2024-09-27 19:02:25,848 - WARNING - [ConsorcioBB] Tentando novamente para o grupo 1429 devido a uma falha de execução.]
[2024-09-27 19:02:37,217 - WARNING - [ConsorcioBB] Média do grupo 1429 não pode ser gerada.]
[2024-09-27 19:02:48,598 - WARNING - [ConsorcioBB] Tentando novamente para o grupo 1430 devido a uma falha de execução.]
[2024-09-27 19:03:00,025 - WARNING - [ConsorcioBB] Média do grupo 1430 não pode ser gerada.]
[2024-09-27 19:03:11,460 - WARNING - [ConsorcioBB] Tentando novamente para o grupo 1439 devido a uma falha de execução.]
[2024-09-27 19:03:22,823 - WARNING - [ConsorcioBB] Média do grupo 1439 não pode ser gerada.]
[2024-09-27 19:03:34,192 - WARNING - [ConsorcioBB] Tentando novamente para o grupo 1445 devido a uma falha de execução.]
[2024-09-27 19:03:45,557 - WARNING - [ConsorcioBB] Média do grupo 1445 não pode ser gerada.]
[2024-09-27 19:03:56,941 - WARNING - [ConsorcioBB] Tentando novamente para o grupo 1450 devido a uma falha de execução.]
[2024-09-27 19:04:08,328 - WARNING - [ConsorcioBB] Média do grupo 1450 não pode ser gerada.]
[2024-09-27 19:04:19,673 - WARNING - [ConsorcioBB] Tentando novamente para o grupo 1466 devido a uma falha de execução.]
[2024-09-27 19:04:31,046 - WARNING - [ConsorcioBB] Média do grupo 1466 não pode ser gerada.]
[2024-09-27 19:04:42,497 - WARNING - [ConsorcioBB] Tentando novamente para o grupo 1473 devido a uma falha de execução.]
[2024-09-27 19:04:53,902 - WARNING - [ConsorcioBB] Média do grupo 1473 não pode ser gerada.]
[2024-09-27 19:05:05,270 - WARNING - [ConsorcioBB] Tentando novamente para o grupo 1479 devido a uma falha de execução.]
[2024-09-27 19:05:16,796 - WARNING - [ConsorcioBB] Média do grupo 1479 não pode ser gerada.]
[2024-09-27 19:05:28,184 - WARNING - [ConsorcioBB] Tentando novamente para o grupo 1481 devido a uma falha de execução.]
[2024-09-27 19:05:39,535 - WARNING - [ConsorcioBB] Média do grupo 1481 não pode ser gerada.]
[2024-09-27 19:05:50,929 - WARNING - [ConsorcioBB] Tentando novamente para o grupo 1484 devido a uma falha de execução.]
[2024-09-27 19:06:02,378 - WARNING - [ConsorcioBB] Média do grupo 1484 não pode ser gerada.]
[2024-09-27 19:06:13,769 - WARNING - [ConsorcioBB] Tentando novamente para o grupo 1500 devido a uma falha de execução.]
[2024-09-27 19:06:25,141 - WARNING - [ConsorcioBB] Média do grupo 1500 não pode ser gerada.]
[2024-09-27 19:06:36,589 - WARNING - [ConsorcioBB] Tentando novamente para o grupo 1507 devido a uma falha de execução.]
[2024-09-27 19:06:47,934 - WARNING - [ConsorcioBB] Média do grupo 1507 não pode ser gerada.]
[2024-09-27 19:06:59,321 - WARNING - [ConsorcioBB] Tentando novamente para o grupo 1509 devido a uma falha de execução.]
[2024-09-27 19:07:10,698 - WARNING - [ConsorcioBB] Média do grupo 1509 não pode ser gerada.]
[2024-09-27 19:07:22,088 - WARNING - [ConsorcioBB] Tentando novamente para o grupo 1517 devido a uma falha de execução.]
[2024-09-27 19:07:33,471 - WARNING - [ConsorcioBB] Média do grupo 1517 não pode ser gerada.]
[2024-09-27 19:07:44,876 - WARNING - [ConsorcioBB] Tentando novamente para o grupo 1526 devido a uma falha de execução.]
[2024-09-27 19:07:56,257 - WARNING - [ConsorcioBB] Média do grupo 1526 não pode ser gerada.]
[2024-09-27 19:08:07,641 - WARNING - [ConsorcioBB] Tentando novamente para o grupo 1528 devido a uma falha de execução.]
[2024-09-27 19:08:19,028 - WARNING - [ConsorcioBB] Média do grupo 1528 não pode ser gerada.]
[2024-09-27 19:08:30,378 - WARNING - [ConsorcioBB] Tentando novamente para o grupo 1540 devido a uma falha de execução.]
[2024-09-27 19:08:41,746 - WARNING - [ConsorcioBB] Média do grupo 1540 não pode ser gerada.]
[2024-09-27 19:08:53,128 - WARNING - [ConsorcioBB] Tentando novamente para o grupo 1544 devido a uma falha de execução.]
[2024-09-27 19:09:04,514 - WARNING - [ConsorcioBB] Média do grupo 1544 não pode ser gerada.]
[2024-09-27 19:09:15,879 - WARNING - [ConsorcioBB] Tentando novamente para o grupo 1550 devido a uma falha de execução.]
[2024-09-27 19:09:27,322 - WARNING - [ConsorcioBB] Média do grupo 1550 não pode ser gerada.]
[2024-09-27 19:09:38,706 - WARNING - [ConsorcioBB] Tentando novamente para o grupo 1557 devido a uma falha de execução.]
[2024-09-27 19:09:50,076 - WARNING - [ConsorcioBB] Média do grupo 1557 não pode ser gerada.]
[2024-09-27 19:10:01,469 - WARNING - [ConsorcioBB] Tentando novamente para o grupo 1600 devido a uma falha de execução.]
[2024-09-27 19:10:12,843 - WARNING - [ConsorcioBB] Média do grupo 1600 não pode ser gerada.]
[2024-09-27 19:10:24,263 - WARNING - [ConsorcioBB] Tentando novamente para o grupo 1605 devido a uma falha de execução.]
[2024-09-27 19:10:35,647 - WARNING - [ConsorcioBB] Média do grupo 1605 não pode ser gerada.]
[2024-09-27 19:10:47,035 - WARNING - [ConsorcioBB] Tentando novamente para o grupo 1616 devido a uma falha de execução.]
[2024-09-27 19:10:58,444 - WARNING - [ConsorcioBB] Média do grupo 1616 não pode ser gerada.]
[2024-09-27 19:11:09,816 - WARNING - [ConsorcioBB] Tentando novamente para o grupo 1624 devido a uma falha de execução.]
[2024-09-27 19:11:21,198 - WARNING - [ConsorcioBB] Média do grupo 1624 não pode ser gerada.]
[2024-09-27 19:11:32,572 - WARNING - [ConsorcioBB] Tentando novamente para o grupo 1632 devido a uma falha de execução.]
[2024-09-27 19:11:43,933 - WARNING - [ConsorcioBB] Média do grupo 1632 não pode ser gerada.]
[2024-09-27 19:11:55,301 - WARNING - [ConsorcioBB] Tentando novamente para o grupo 1637 devido a uma falha de execução.]
[2024-09-27 19:12:06,658 - WARNING - [ConsorcioBB] Média do grupo 1637 não pode ser gerada.]
[2024-09-27 19:12:17,888 - WARNING - [ConsorcioBB] Tentando novamente para o grupo 1655 devido a uma falha de execução.]
[2024-09-27 19:12:29,239 - WARNING - [ConsorcioBB] Média do grupo 1655 não pode ser gerada.]
[2024-09-27 19:12:33,672 - WARNING - [ConsorcioBB] Tentando novamente para o grupo 1658 devido a uma falha de execução.]
[2024-09-27 19:12:33,672 - WARNING - [ConsorcioBB] Média do grupo 1658 não pode ser gerada.]
[2024-09-27 19:12:33,688 - WARNING - [ConsorcioBB] Tentando novamente para o grupo 1659 devido a uma falha de execução.]
[2024-09-27 19:12:33,703 - WARNING - [ConsorcioBB] Média do grupo 1659 não pode ser gerada.]
[2024-09-27 19:12:33,719 - WARNING - [ConsorcioBB] Tentando novamente para o grupo 1665 devido a uma falha de execução.]
[2024-09-27 19:12:33,719 - WARNING - [ConsorcioBB] Média do grupo 1665 não pode ser gerada.]
[2024-09-27 19:12:33,734 - WARNING - [ConsorcioBB] Tentando novamente para o grupo 1666 devido a uma falha de execução.]
[2024-09-27 19:12:33,734 - WARNING - [ConsorcioBB] Média do grupo 1666 não pode ser gerada.]
[2024-09-27 19:12:33,750 - WARNING - [ConsorcioBB] Tentando novamente para o grupo 1681 devido a uma falha de execução.]
[2024-09-27 19:12:33,766 - WARNING - [ConsorcioBB] Média do grupo 1681 não pode ser gerada.]
[2024-09-27 19:12:33,766 - WARNING - [ConsorcioBB] Tentando novamente para o grupo 1685 devido a uma falha de execução.]
[2024-09-27 19:12:33,781 - WARNING - [ConsorcioBB] Média do grupo 1685 não pode ser gerada.]
[2024-09-27 19:12:33,788 - WARNING - [ConsorcioBB] Tentando novamente para o grupo 1696 devido a uma falha de execução.]
[2024-09-27 19:12:33,797 - WARNING - [ConsorcioBB] Média do grupo 1696 não pode ser gerada.]
[2024-09-27 19:12:33,813 - WARNING - [ConsorcioBB] Tentando novamente para o grupo 1705 devido a uma falha de execução.]
[2024-09-27 19:12:33,813 - WARNING - [ConsorcioBB] Média do grupo 1705 não pode ser gerada.]
[2024-09-27 19:12:33,829 - WARNING - [ConsorcioBB] Tentando novamente para o grupo 1273 devido a uma falha de execução.]
[2024-09-27 19:12:33,829 - WARNING - [ConsorcioBB] Média do grupo 1273 não pode ser gerada.]
[2024-09-27 19:12:33,844 - WARNING - [ConsorcioBB] Tentando novamente para o grupo 1398 devido a uma falha de execução.]
[2024-09-27 19:12:33,844 - WARNING - [ConsorcioBB] Média do grupo 1398 não pode ser gerada.]
[2024-09-27 19:12:33,860 - WARNING - [ConsorcioBB] Tentando novamente para o grupo 1405 devido a uma falha de execução.]
[2024-09-27 19:12:33,860 - WARNING - [ConsorcioBB] Média do grupo 1405 não pode ser gerada.]
[2024-09-27 19:12:33,875 - WARNING - [ConsorcioBB] Tentando novamente para o grupo 1433 devido a uma falha de execução.]
[2024-09-27 19:12:33,888 - WARNING - [ConsorcioBB] Média do grupo 1433 não pode ser gerada.]
[2024-09-27 19:12:33,891 - WARNING - [ConsorcioBB] Tentando novamente para o grupo 1434 devido a uma falha de execução.]
[2024-09-27 19:12:33,891 - WARNING - [ConsorcioBB] Média do grupo 1434 não pode ser gerada.]
[2024-09-27 19:12:33,907 - WARNING - [ConsorcioBB] Tentando novamente para o grupo 1440 devido a uma falha de execução.]
[2024-09-27 19:12:33,907 - WARNING - [ConsorcioBB] Média do grupo 1440 não pode ser gerada.]
[2024-09-27 19:12:33,923 - WARNING - [ConsorcioBB] Tentando novamente para o grupo 1444 devido a uma falha de execução.]
[2024-09-27 19:12:33,923 - WARNING - [ConsorcioBB] Média do grupo 1444 não pode ser gerada.]
[2024-09-27 19:12:33,923 - WARNING - [ConsorcioBB] Tentando novamente para o grupo 1451 devido a uma falha de execução.]
[2024-09-27 19:12:33,938 - WARNING - [ConsorcioBB] Média do grupo 1451 não pode ser gerada.]
[2024-09-27 19:12:33,954 - WARNING - [ConsorcioBB] Tentando novamente para o grupo 1458 devido a uma falha de execução.]
[2024-09-27 19:12:33,954 - WARNING - [ConsorcioBB] Média do grupo 1458 não pode ser gerada.]
[2024-09-27 19:12:33,970 - WARNING - [ConsorcioBB] Tentando novamente para o grupo 1462 devido a uma falha de execução.]
[2024-09-27 19:12:33,985 - WARNING - [ConsorcioBB] Média do grupo 1462 não pode ser gerada.]
[2024-09-27 19:12:33,989 - WARNING - [ConsorcioBB] Tentando novamente para o grupo 1470 devido a uma falha de execução.]
[2024-09-27 19:12:34,001 - WARNING - [ConsorcioBB] Média do grupo 1470 não pode ser gerada.]
[2024-09-27 19:12:34,017 - WARNING - [ConsorcioBB] Tentando novamente para o grupo 1478 devido a uma falha de execução.]
[2024-09-27 19:12:34,017 - WARNING - [ConsorcioBB] Média do grupo 1478 não pode ser gerada.]
[2024-09-27 19:12:34,033 - WARNING - [ConsorcioBB] Tentando novamente para o grupo 1480 devido a uma falha de execução.]
[2024-09-27 19:12:34,033 - WARNING - [ConsorcioBB] Média do grupo 1480 não pode ser gerada.]
[2024-09-27 19:12:34,048 - WARNING - [ConsorcioBB] Tentando novamente para o grupo 1482 devido a uma falha de execução.]
[2024-09-27 19:12:34,048 - WARNING - [ConsorcioBB] Média do grupo 1482 não pode ser gerada.]
[2024-09-27 19:12:34,048 - WARNING - [ConsorcioBB] Tentando novamente para o grupo 1491 devido a uma falha de execução.]
[2024-09-27 19:12:34,064 - WARNING - [ConsorcioBB] Média do grupo 1491 não pode ser gerada.]
[2024-09-27 19:12:34,064 - WARNING - [ConsorcioBB] Tentando novamente para o grupo 1499 devido a uma falha de execução.]
[2024-09-27 19:12:34,079 - WARNING - [ConsorcioBB] Média do grupo 1499 não pode ser gerada.]
[2024-09-27 19:12:34,089 - WARNING - [ConsorcioBB] Tentando novamente para o grupo 1502 devido a uma falha de execução.]
[2024-09-27 19:12:34,095 - WARNING - [ConsorcioBB] Média do grupo 1502 não pode ser gerada.]
[2024-09-27 19:12:34,095 - WARNING - [ConsorcioBB] Tentando novamente para o grupo 1508 devido a uma falha de execução.]
[2024-09-27 19:12:34,095 - WARNING - [ConsorcioBB] Média do grupo 1508 não pode ser gerada.]
[2024-09-27 19:12:34,111 - WARNING - [ConsorcioBB] Tentando novamente para o grupo 1510 devido a uma falha de execução.]
[2024-09-27 19:12:34,111 - WARNING - [ConsorcioBB] Média do grupo 1510 não pode ser gerada.]
[2024-09-27 19:12:34,127 - WARNING - [ConsorcioBB] Tentando novamente para o grupo 1520 devido a uma falha de execução.]
[2024-09-27 19:12:34,127 - WARNING - [ConsorcioBB] Média do grupo 1520 não pode ser gerada.]
[2024-09-27 19:12:34,143 - WARNING - [ConsorcioBB] Tentando novamente para o grupo 1521 devido a uma falha de execução.]
[2024-09-27 19:12:34,143 - WARNING - [ConsorcioBB] Média do grupo 1521 não pode ser gerada.]
[2024-09-27 19:12:34,158 - WARNING - [ConsorcioBB] Tentando novamente para o grupo 1525 devido a uma falha de execução.]
[2024-09-27 19:12:34,174 - WARNING - [ConsorcioBB] Média do grupo 1525 não pode ser gerada.]
[2024-09-27 19:12:34,198 - WARNING - [ConsorcioBB] Tentando novamente para o grupo 1527 devido a uma falha de execução.]
[2024-09-27 19:12:34,209 - WARNING - [ConsorcioBB] Média do grupo 1527 não pode ser gerada.]
[2024-09-27 19:12:34,222 - WARNING - [ConsorcioBB] Tentando novamente para o grupo 1551 devido a uma falha de execução.]
[2024-09-27 19:12:34,238 - WARNING - [ConsorcioBB] Média do grupo 1551 não pode ser gerada.]
[2024-09-27 19:12:34,238 - WARNING - [ConsorcioBB] Tentando novamente para o grupo 1556 devido a uma falha de execução.]
[2024-09-27 19:12:34,253 - WARNING - [ConsorcioBB] Média do grupo 1556 não pode ser gerada.]
[2024-09-27 19:12:34,272 - WARNING - [ConsorcioBB] Tentando novamente para o grupo 1562 devido a uma falha de execução.]
[2024-09-27 19:12:34,282 - WARNING - [ConsorcioBB] Média do grupo 1562 não pode ser gerada.]
[2024-09-27 19:12:34,289 - WARNING - [ConsorcioBB] Tentando novamente para o grupo 1568 devido a uma falha de execução.]
[2024-09-27 19:12:34,301 - WARNING - [ConsorcioBB] Média do grupo 1568 não pode ser gerada.]
[2024-09-27 19:12:34,301 - WARNING - [ConsorcioBB] Tentando novamente para o grupo 1573 devido a uma falha de execução.]
[2024-09-27 19:12:34,316 - WARNING - [ConsorcioBB] Média do grupo 1573 não pode ser gerada.]
[2024-09-27 19:12:34,316 - WARNING - [ConsorcioBB] Tentando novamente para o grupo 1580 devido a uma falha de execução.]
[2024-09-27 19:12:34,332 - WARNING - [ConsorcioBB] Média do grupo 1580 não pode ser gerada.]
[2024-09-27 19:12:34,348 - WARNING - [ConsorcioBB] Tentando novamente para o grupo 1583 devido a uma falha de execução.]
[2024-09-27 19:12:34,363 - WARNING - [ConsorcioBB] Média do grupo 1583 não pode ser gerada.]
[2024-09-27 19:12:34,389 - WARNING - [ConsorcioBB] Tentando novamente para o grupo 1584 devido a uma falha de execução.]
[2024-09-27 19:12:34,418 - WARNING - [ConsorcioBB] Média do grupo 1584 não pode ser gerada.]
[2024-09-27 19:12:34,430 - WARNING - [ConsorcioBB] Tentando novamente para o grupo 1599 devido a uma falha de execução.]
[2024-09-27 19:12:34,446 - WARNING - [ConsorcioBB] Média do grupo 1599 não pode ser gerada.]
[2024-09-27 19:12:34,461 - WARNING - [ConsorcioBB] Tentando novamente para o grupo 1601 devido a uma falha de execução.]
[2024-09-27 19:12:34,477 - WARNING - [ConsorcioBB] Média do grupo 1601 não pode ser gerada.]
[2024-09-27 19:12:34,489 - WARNING - [ConsorcioBB] Tentando novamente para o grupo 1612 devido a uma falha de execução.]
[2024-09-27 19:12:34,503 - WARNING - [ConsorcioBB] Média do grupo 1612 não pode ser gerada.]
[2024-09-27 19:12:34,503 - WARNING - [ConsorcioBB] Tentando novamente para o grupo 1629 devido a uma falha de execução.]
[2024-09-27 19:12:34,523 - WARNING - [ConsorcioBB] Média do grupo 1629 não pode ser gerada.]
[2024-09-27 19:12:34,533 - WARNING - [ConsorcioBB] Tentando novamente para o grupo 1630 devido a uma falha de execução.]
[2024-09-27 19:12:34,535 - WARNING - [ConsorcioBB] Média do grupo 1630 não pode ser gerada.]
[2024-09-27 19:12:34,543 - WARNING - [ConsorcioBB] Tentando novamente para o grupo 1656 devido a uma falha de execução.]
[2024-09-27 19:12:34,553 - WARNING - [ConsorcioBB] Média do grupo 1656 não pode ser gerada.]
[2024-09-27 19:12:34,553 - WARNING - [ConsorcioBB] Tentando novamente para o grupo 1667 devido a uma falha de execução.]
[2024-09-27 19:12:34,567 - WARNING - [ConsorcioBB] Média do grupo 1667 não pode ser gerada.]
[2024-09-27 19:12:34,573 - WARNING - [ConsorcioBB] Tentando novamente para o grupo 1672 devido a uma falha de execução.]
[2024-09-27 19:12:34,573 - WARNING - [ConsorcioBB] Média do grupo 1672 não pode ser gerada.]
[2024-09-27 19:12:34,583 - WARNING - [ConsorcioBB] Tentando novamente para o grupo 1674 devido a uma falha de execução.]
[2024-09-27 19:12:34,593 - WARNING - [ConsorcioBB] Média do grupo 1674 não pode ser gerada.]
[2024-09-27 19:12:34,603 - WARNING - [ConsorcioBB] Tentando novamente para o grupo 1680 devido a uma falha de execução.]
[2024-09-27 19:12:34,615 - WARNING - [ConsorcioBB] Média do grupo 1680 não pode ser gerada.]
[2024-09-27 19:12:34,623 - WARNING - [ConsorcioBB] Tentando novamente para o grupo 1683 devido a uma falha de execução.]
[2024-09-27 19:12:34,633 - WARNING - [ConsorcioBB] Média do grupo 1683 não pode ser gerada.]
[2024-09-27 19:12:34,643 - WARNING - [ConsorcioBB] Tentando novamente para o grupo 1692 devido a uma falha de execução.]
[2024-09-27 21:27:42,895 - WARNING - [ConsorcioBB] Média do grupo 1692 não pode ser gerada.]
[2024-09-27 21:27:42,912 - WARNING - [ConsorcioBB] Tentando novamente para o grupo 1695 devido a uma falha de execução.]
[2024-09-27 21:27:42,912 - WARNING - [ConsorcioBB] Média do grupo 1695 não pode ser gerada.]
[2024-09-27 21:27:42,943 - WARNING - [ConsorcioBB] Tentando novamente para o grupo 1701 devido a uma falha de execução.]
[2024-09-27 21:27:42,958 - WARNING - [ConsorcioBB] Média do grupo 1701 não pode ser gerada.]
[2024-09-27 21:27:42,974 - WARNING - [ConsorcioBB] Tentando novamente para o grupo 1704 devido a uma falha de execução.]
[2024-09-27 21:27:42,974 - WARNING - [ConsorcioBB] Média do grupo 1704 não pode ser gerada.]
[2024-09-27 21:27:43,000 - WARNING - [ConsorcioBB] Tentando novamente para o grupo 1325 devido a uma falha de execução.]
[2024-09-27 21:27:43,009 - WARNING - [ConsorcioBB] Média do grupo 1325 não pode ser gerada.]
[2024-09-27 21:27:43,017 - WARNING - [ConsorcioBB] Tentando novamente para o grupo 1326 devido a uma falha de execução.]
[2024-09-27 21:27:43,056 - WARNING - [ConsorcioBB] Média do grupo 1326 não pode ser gerada.]
[2024-09-27 21:27:43,263 - WARNING - [ConsorcioBB] Tentando novamente para o grupo 1333 devido a uma falha de execução.]
[2024-09-27 21:27:43,427 - WARNING - [ConsorcioBB] Média do grupo 1333 não pode ser gerada.]
[2024-09-27 21:27:43,442 - WARNING - [ConsorcioBB] Tentando novamente para o grupo 1344 devido a uma falha de execução.]
[2024-09-27 21:27:43,473 - WARNING - [ConsorcioBB] Média do grupo 1344 não pode ser gerada.]
[2024-09-27 21:27:43,512 - WARNING - [ConsorcioBB] Tentando novamente para o grupo 1345 devido a uma falha de execução.]
[2024-09-27 21:27:43,552 - WARNING - [ConsorcioBB] Média do grupo 1345 não pode ser gerada.]
[2024-09-27 21:27:43,583 - WARNING - [ConsorcioBB] Tentando novamente para o grupo 1353 devido a uma falha de execução.]
[2024-09-27 21:27:43,599 - WARNING - [ConsorcioBB] Média do grupo 1353 não pode ser gerada.]
[2024-09-27 21:27:43,615 - WARNING - [ConsorcioBB] Tentando novamente para o grupo 1370 devido a uma falha de execução.]
[2024-09-27 21:27:43,630 - WARNING - [ConsorcioBB] Média do grupo 1370 não pode ser gerada.]
[2024-09-27 21:27:43,646 - WARNING - [ConsorcioBB] Tentando novamente para o grupo 1375 devido a uma falha de execução.]
[2024-09-27 21:27:43,646 - WARNING - [ConsorcioBB] Média do grupo 1375 não pode ser gerada.]
[2024-09-27 21:27:43,662 - WARNING - [ConsorcioBB] Tentando novamente para o grupo 1383 devido a uma falha de execução.]
[2024-09-27 21:27:43,677 - WARNING - [ConsorcioBB] Média do grupo 1383 não pode ser gerada.]
[2024-09-27 21:27:43,693 - WARNING - [ConsorcioBB] Tentando novamente para o grupo 1397 devido a uma falha de execução.]
[2024-09-27 21:27:43,771 - WARNING - [ConsorcioBB] Média do grupo 1397 não pode ser gerada.]
[2024-09-27 21:27:43,850 - WARNING - [ConsorcioBB] Tentando novamente para o grupo 1403 devido a uma falha de execução.]
[2024-09-27 21:27:43,881 - WARNING - [ConsorcioBB] Média do grupo 1403 não pode ser gerada.]
[2024-09-27 21:27:43,913 - WARNING - [ConsorcioBB] Tentando novamente para o grupo 1412 devido a uma falha de execução.]
[2024-09-27 21:27:43,929 - WARNING - [ConsorcioBB] Média do grupo 1412 não pode ser gerada.]
[2024-09-27 21:27:43,944 - WARNING - [ConsorcioBB] Tentando novamente para o grupo 1415 devido a uma falha de execução.]
[2024-09-27 21:27:43,960 - WARNING - [ConsorcioBB] Média do grupo 1415 não pode ser gerada.]
[2024-09-27 21:27:43,975 - WARNING - [ConsorcioBB] Tentando novamente para o grupo 1425 devido a uma falha de execução.]
[2024-09-27 21:27:44,007 - WARNING - [ConsorcioBB] Média do grupo 1425 não pode ser gerada.]
[2024-09-27 21:27:44,023 - WARNING - [ConsorcioBB] Tentando novamente para o grupo 1436 devido a uma falha de execução.]
[2024-09-27 21:27:44,054 - WARNING - [ConsorcioBB] Média do grupo 1436 não pode ser gerada.]
[2024-09-27 21:27:44,070 - WARNING - [ConsorcioBB] Tentando novamente para o grupo 1446 devido a uma falha de execução.]
[2024-09-27 21:27:44,085 - WARNING - [ConsorcioBB] Média do grupo 1446 não pode ser gerada.]
[2024-09-27 21:27:44,101 - WARNING - [ConsorcioBB] Tentando novamente para o grupo 1452 devido a uma falha de execução.]
[2024-09-27 21:27:44,118 - WARNING - [ConsorcioBB] Média do grupo 1452 não pode ser gerada.]
[2024-09-27 21:27:44,133 - WARNING - [ConsorcioBB] Tentando novamente para o grupo 1463 devido a uma falha de execução.]
[2024-09-27 21:27:44,149 - WARNING - [ConsorcioBB] Média do grupo 1463 não pode ser gerada.]
[2024-09-27 21:27:44,164 - WARNING - [ConsorcioBB] Tentando novamente para o grupo 1472 devido a uma falha de execução.]
[2024-09-27 21:27:44,180 - WARNING - [ConsorcioBB] Média do grupo 1472 não pode ser gerada.]
[2024-09-27 21:27:44,201 - WARNING - [ConsorcioBB] Tentando novamente para o grupo 1485 devido a uma falha de execução.]
[2024-09-27 21:27:44,218 - WARNING - [ConsorcioBB] Média do grupo 1485 não pode ser gerada.]
[2024-09-27 21:27:44,291 - WARNING - [ConsorcioBB] Tentando novamente para o grupo 1492 devido a uma falha de execução.]
[2024-09-27 21:27:44,322 - WARNING - [ConsorcioBB] Média do grupo 1492 não pode ser gerada.]
[2024-09-27 21:27:44,354 - WARNING - [ConsorcioBB] Tentando novamente para o grupo 1501 devido a uma falha de execução.]
[2024-09-27 21:27:44,354 - WARNING - [ConsorcioBB] Média do grupo 1501 não pode ser gerada.]
[2024-09-27 21:27:44,389 - WARNING - [ConsorcioBB] Tentando novamente para o grupo 1519 devido a uma falha de execução.]
[2024-09-27 21:27:44,435 - WARNING - [ConsorcioBB] Média do grupo 1519 não pode ser gerada.]
[2024-09-27 21:27:44,466 - WARNING - [ConsorcioBB] Tentando novamente para o grupo 1529 devido a uma falha de execução.]
[2024-09-27 21:27:44,482 - WARNING - [ConsorcioBB] Média do grupo 1529 não pode ser gerada.]
[2024-09-27 21:27:44,498 - WARNING - [ConsorcioBB] Tentando novamente para o grupo 1537 devido a uma falha de execução.]
[2024-09-27 21:27:44,498 - WARNING - [ConsorcioBB] Média do grupo 1537 não pode ser gerada.]
[2024-09-27 21:27:44,514 - WARNING - [ConsorcioBB] Tentando novamente para o grupo 1546 devido a uma falha de execução.]
[2024-09-27 21:27:44,529 - WARNING - [ConsorcioBB] Média do grupo 1546 não pode ser gerada.]
[2024-09-27 21:27:44,545 - WARNING - [ConsorcioBB] Tentando novamente para o grupo 1558 devido a uma falha de execução.]
[2024-09-27 21:27:44,561 - WARNING - [ConsorcioBB] Média do grupo 1558 não pode ser gerada.]
[2024-09-27 21:27:44,576 - WARNING - [ConsorcioBB] Tentando novamente para o grupo 1571 devido a uma falha de execução.]
[2024-09-27 21:27:44,592 - WARNING - [ConsorcioBB] Média do grupo 1571 não pode ser gerada.]
[2024-09-27 21:27:44,607 - WARNING - [ConsorcioBB] Tentando novamente para o grupo 1595 devido a uma falha de execução.]
[2024-09-27 21:27:44,639 - WARNING - [ConsorcioBB] Média do grupo 1595 não pode ser gerada.]
[2024-09-27 21:27:44,686 - WARNING - [ConsorcioBB] Tentando novamente para o grupo 1602 devido a uma falha de execução.]
[2024-09-27 21:27:44,707 - WARNING - [ConsorcioBB] Média do grupo 1602 não pode ser gerada.]
[2024-09-27 21:27:44,723 - WARNING - [ConsorcioBB] Tentando novamente para o grupo 1427 devido a uma falha de execução.]
[2024-09-27 21:27:44,751 - WARNING - [ConsorcioBB] Média do grupo 1427 não pode ser gerada.]
[2024-09-27 21:27:44,766 - WARNING - [ConsorcioBB] Tentando novamente para o grupo 1447 devido a uma falha de execução.]
[2024-09-27 21:27:44,782 - WARNING - [ConsorcioBB] Média do grupo 1447 não pode ser gerada.]
[2024-09-27 21:27:44,797 - WARNING - [ConsorcioBB] Tentando novamente para o grupo 1448 devido a uma falha de execução.]
[2024-09-27 21:27:44,815 - WARNING - [ConsorcioBB] Média do grupo 1448 não pode ser gerada.]
[2024-09-27 21:27:44,829 - WARNING - [ConsorcioBB] Tentando novamente para o grupo 1449 devido a uma falha de execução.]
[2024-09-27 21:27:44,845 - WARNING - [ConsorcioBB] Média do grupo 1449 não pode ser gerada.]
[2024-09-27 21:27:44,860 - WARNING - [ConsorcioBB] Tentando novamente para o grupo 1453 devido a uma falha de execução.]
[2024-09-27 21:27:44,876 - WARNING - [ConsorcioBB] Média do grupo 1453 não pode ser gerada.]
[2024-09-27 21:27:44,892 - WARNING - [ConsorcioBB] Tentando novamente para o grupo 1460 devido a uma falha de execução.]
[2024-09-27 21:27:44,915 - WARNING - [ConsorcioBB] Média do grupo 1460 não pode ser gerada.]
[2024-09-27 21:27:44,923 - WARNING - [ConsorcioBB] Tentando novamente para o grupo 1494 devido a uma falha de execução.]
[2024-09-27 21:27:44,937 - WARNING - [ConsorcioBB] Média do grupo 1494 não pode ser gerada.]
[2024-09-27 21:27:44,953 - WARNING - [ConsorcioBB] Tentando novamente para o grupo 1522 devido a uma falha de execução.]
[2024-09-27 21:27:44,966 - WARNING - [ConsorcioBB] Média do grupo 1522 não pode ser gerada.]
[2024-09-27 21:27:44,981 - WARNING - [ConsorcioBB] Tentando novamente para o grupo 1523 devido a uma falha de execução.]
[2024-09-27 21:27:45,003 - WARNING - [ConsorcioBB] Média do grupo 1523 não pode ser gerada.]
[2024-09-27 21:27:45,017 - WARNING - [ConsorcioBB] Tentando novamente para o grupo 1530 devido a uma falha de execução.]
[2024-09-27 21:27:45,020 - WARNING - [ConsorcioBB] Média do grupo 1530 não pode ser gerada.]
[2024-09-27 21:27:45,035 - WARNING - [ConsorcioBB] Tentando novamente para o grupo 1538 devido a uma falha de execução.]
[2024-09-27 21:27:45,067 - WARNING - [ConsorcioBB] Média do grupo 1538 não pode ser gerada.]
[2024-09-27 21:27:45,082 - WARNING - [ConsorcioBB] Tentando novamente para o grupo 1542 devido a uma falha de execução.]
[2024-09-27 21:27:45,099 - WARNING - [ConsorcioBB] Média do grupo 1542 não pode ser gerada.]
[2024-09-27 21:27:45,116 - WARNING - [ConsorcioBB] Tentando novamente para o grupo 1545 devido a uma falha de execução.]
[2024-09-27 21:27:45,130 - WARNING - [ConsorcioBB] Média do grupo 1545 não pode ser gerada.]
[2024-09-27 21:27:45,146 - WARNING - [ConsorcioBB] Tentando novamente para o grupo 1547 devido a uma falha de execução.]
[2024-09-27 21:27:45,146 - WARNING - [ConsorcioBB] Média do grupo 1547 não pode ser gerada.]
[2024-09-27 21:27:45,161 - WARNING - [ConsorcioBB] Tentando novamente para o grupo 1549 devido a uma falha de execução.]
[2024-09-27 21:27:45,177 - WARNING - [ConsorcioBB] Média do grupo 1549 não pode ser gerada.]
[2024-09-27 21:27:45,193 - WARNING - [ConsorcioBB] Tentando novamente para o grupo 1554 devido a uma falha de execução.]
[2024-09-27 21:27:45,237 - WARNING - [ConsorcioBB] Média do grupo 1554 não pode ser gerada.]
[2024-09-27 21:27:45,262 - WARNING - [ConsorcioBB] Tentando novamente para o grupo 1555 devido a uma falha de execução.]
[2024-09-27 21:27:45,263 - WARNING - [ConsorcioBB] Média do grupo 1555 não pode ser gerada.]
[2024-09-27 21:27:45,282 - WARNING - [ConsorcioBB] Tentando novamente para o grupo 1559 devido a uma falha de execução.]
[2024-09-27 21:27:45,305 - WARNING - [ConsorcioBB] Média do grupo 1559 não pode ser gerada.]
[2024-09-27 21:27:45,316 - WARNING - [ConsorcioBB] Tentando novamente para o grupo 1565 devido a uma falha de execução.]
[2024-09-27 21:27:45,331 - WARNING - [ConsorcioBB] Média do grupo 1565 não pode ser gerada.]
[2024-09-27 21:27:45,346 - WARNING - [ConsorcioBB] Tentando novamente para o grupo 1569 devido a uma falha de execução.]
[2024-09-27 21:27:45,346 - WARNING - [ConsorcioBB] Média do grupo 1569 não pode ser gerada.]
[2024-09-27 21:27:45,362 - WARNING - [ConsorcioBB] Tentando novamente para o grupo 1572 devido a uma falha de execução.]
[2024-09-27 21:27:45,378 - WARNING - [ConsorcioBB] Média do grupo 1572 não pode ser gerada.]
[2024-09-27 21:27:45,393 - WARNING - [ConsorcioBB] Tentando novamente para o grupo 1578 devido a uma falha de execução.]
[2024-09-27 21:27:45,411 - WARNING - [ConsorcioBB] Média do grupo 1578 não pode ser gerada.]
[2024-09-27 21:27:45,425 - WARNING - [ConsorcioBB] Tentando novamente para o grupo 1592 devido a uma falha de execução.]
[2024-09-27 21:27:45,425 - WARNING - [ConsorcioBB] Média do grupo 1592 não pode ser gerada.]
[2024-09-27 21:27:45,440 - WARNING - [ConsorcioBB] Tentando novamente para o grupo 1598 devido a uma falha de execução.]
[2024-09-27 21:27:45,456 - WARNING - [ConsorcioBB] Média do grupo 1598 não pode ser gerada.]
[2024-09-27 21:27:45,472 - WARNING - [ConsorcioBB] Tentando novamente para o grupo 1607 devido a uma falha de execução.]
[2024-09-27 21:27:45,487 - WARNING - [ConsorcioBB] Média do grupo 1607 não pode ser gerada.]
[2024-09-27 21:27:45,535 - WARNING - [ConsorcioBB] Tentando novamente para o grupo 1613 devido a uma falha de execução.]
[2024-09-27 21:27:45,566 - WARNING - [ConsorcioBB] Média do grupo 1613 não pode ser gerada.]
[2024-09-27 21:27:45,597 - WARNING - [ConsorcioBB] Tentando novamente para o grupo 1618 devido a uma falha de execução.]
[2024-09-27 21:27:45,616 - WARNING - [ConsorcioBB] Média do grupo 1618 não pode ser gerada.]
[2024-09-27 21:27:45,629 - WARNING - [ConsorcioBB] Tentando novamente para o grupo 1631 devido a uma falha de execução.]
[2024-09-27 21:27:45,660 - WARNING - [ConsorcioBB] Média do grupo 1631 não pode ser gerada.]
[2024-09-27 21:27:45,755 - WARNING - [ConsorcioBB] Tentando novamente para o grupo 1635 devido a uma falha de execução.]
[2024-09-27 21:27:45,786 - WARNING - [ConsorcioBB] Média do grupo 1635 não pode ser gerada.]
[2024-09-27 21:27:45,816 - WARNING - [ConsorcioBB] Tentando novamente para o grupo 1645 devido a uma falha de execução.]
[2024-09-27 21:27:45,833 - WARNING - [ConsorcioBB] Média do grupo 1645 não pode ser gerada.]
[2024-09-27 21:27:45,849 - WARNING - [ConsorcioBB] Tentando novamente para o grupo 1661 devido a uma falha de execução.]
[2024-09-27 21:27:45,864 - WARNING - [ConsorcioBB] Média do grupo 1661 não pode ser gerada.]
[2024-09-27 21:27:45,880 - WARNING - [ConsorcioBB] Tentando novamente para o grupo 1668 devido a uma falha de execução.]
[2024-09-27 21:27:45,943 - WARNING - [ConsorcioBB] Média do grupo 1668 não pode ser gerada.]
[2024-09-27 21:27:45,943 - WARNING - [ConsorcioBB] Tentando novamente para o grupo 1682 devido a uma falha de execução.]
[2024-09-27 21:27:45,975 - WARNING - [ConsorcioBB] Média do grupo 1682 não pode ser gerada.]
[2024-09-27 21:27:45,990 - WARNING - [ConsorcioBB] Tentando novamente para o grupo 1689 devido a uma falha de execução.]
[2024-09-27 21:27:46,021 - WARNING - [ConsorcioBB] Média do grupo 1689 não pode ser gerada.]
[2024-09-27 21:27:46,053 - WARNING - [ConsorcioBB] Tentando novamente para o grupo 1693 devido a uma falha de execução.]
[2024-09-27 21:27:46,084 - WARNING - [ConsorcioBB] Média do grupo 1693 não pode ser gerada.]
[2024-09-27 21:27:46,117 - WARNING - [ConsorcioBB] Tentando novamente para o grupo 1700 devido a uma falha de execução.]
[2024-09-27 21:27:46,147 - WARNING - [ConsorcioBB] Média do grupo 1700 não pode ser gerada.]
[2024-09-27 21:27:46,163 - WARNING - [ConsorcioBB] Tentando novamente para o grupo 1708 devido a uma falha de execução.]
[2024-09-27 21:27:46,163 - WARNING - [ConsorcioBB] Média do grupo 1708 não pode ser gerada.]
[2024-09-27 21:27:46,178 - WARNING - [ConsorcioBB] Tentando novamente para o grupo 1717 devido a uma falha de execução.]
[2024-09-27 21:27:46,194 - WARNING - [ConsorcioBB] Média do grupo 1717 não pode ser gerada.]
[2024-09-27 21:27:46,210 - WARNING - [ConsorcioBB] Tentando novamente para o grupo 1457 devido a uma falha de execução.]
[2024-09-27 21:27:46,217 - WARNING - [ConsorcioBB] Média do grupo 1457 não pode ser gerada.]
[2024-09-27 21:27:46,240 - WARNING - [ConsorcioBB] Tentando novamente para o grupo 1465 devido a uma falha de execução.]
[2024-09-27 21:27:46,255 - WARNING - [ConsorcioBB] Média do grupo 1465 não pode ser gerada.]
[2024-09-27 21:27:46,278 - WARNING - [ConsorcioBB] Tentando novamente para o grupo 1518 devido a uma falha de execução.]
[2024-09-27 21:27:46,325 - WARNING - [ConsorcioBB] Média do grupo 1518 não pode ser gerada.]
[2024-09-27 21:27:46,341 - WARNING - [ConsorcioBB] Tentando novamente para o grupo 1541 devido a uma falha de execução.]
[2024-09-27 21:27:46,372 - WARNING - [ConsorcioBB] Média do grupo 1541 não pode ser gerada.]
[2024-09-27 21:27:46,387 - WARNING - [ConsorcioBB] Tentando novamente para o grupo 1552 devido a uma falha de execução.]
[2024-09-27 21:27:46,403 - WARNING - [ConsorcioBB] Média do grupo 1552 não pode ser gerada.]
[2024-09-27 21:27:46,450 - WARNING - [ConsorcioBB] Tentando novamente para o grupo 1563 devido a uma falha de execução.]
[2024-09-27 21:27:46,466 - WARNING - [ConsorcioBB] Média do grupo 1563 não pode ser gerada.]
[2024-09-27 21:27:46,482 - WARNING - [ConsorcioBB] Tentando novamente para o grupo 1581 devido a uma falha de execução.]
[2024-09-27 21:27:46,497 - WARNING - [ConsorcioBB] Média do grupo 1581 não pode ser gerada.]
[2024-09-27 21:27:46,518 - WARNING - [ConsorcioBB] Tentando novamente para o grupo 1585 devido a uma falha de execução.]
[2024-09-27 21:27:46,529 - WARNING - [ConsorcioBB] Média do grupo 1585 não pode ser gerada.]
[2024-09-27 21:27:46,544 - WARNING - [ConsorcioBB] Tentando novamente para o grupo 1591 devido a uma falha de execução.]
[2024-09-27 21:27:46,560 - WARNING - [ConsorcioBB] Média do grupo 1591 não pode ser gerada.]
[2024-09-27 21:27:46,576 - WARNING - [ConsorcioBB] Tentando novamente para o grupo 1606 devido a uma falha de execução.]
[2024-09-27 21:27:46,591 - WARNING - [ConsorcioBB] Média do grupo 1606 não pode ser gerada.]
[2024-09-27 21:27:46,591 - WARNING - [ConsorcioBB] Tentando novamente para o grupo 1611 devido a uma falha de execução.]
[2024-09-27 21:27:46,623 - WARNING - [ConsorcioBB] Média do grupo 1611 não pode ser gerada.]
[2024-09-27 21:27:46,639 - WARNING - [ConsorcioBB] Tentando novamente para o grupo 1617 devido a uma falha de execução.]
[2024-09-27 21:27:46,654 - WARNING - [ConsorcioBB] Média do grupo 1617 não pode ser gerada.]
[2024-09-27 21:27:46,670 - WARNING - [ConsorcioBB] Tentando novamente para o grupo 1626 devido a uma falha de execução.]
[2024-09-27 21:27:46,686 - WARNING - [ConsorcioBB] Média do grupo 1626 não pode ser gerada.]
[2024-09-27 21:27:46,703 - WARNING - [ConsorcioBB] Tentando novamente para o grupo 1634 devido a uma falha de execução.]
[2024-09-27 21:27:46,719 - WARNING - [ConsorcioBB] Média do grupo 1634 não pode ser gerada.]
[2024-09-27 21:27:46,734 - WARNING - [ConsorcioBB] Tentando novamente para o grupo 1640 devido a uma falha de execução.]
[2024-09-27 21:27:46,766 - WARNING - [ConsorcioBB] Média do grupo 1640 não pode ser gerada.]
[2024-09-27 21:27:46,781 - WARNING - [ConsorcioBB] Tentando novamente para o grupo 1642 devido a uma falha de execução.]
[2024-09-27 21:27:46,797 - WARNING - [ConsorcioBB] Média do grupo 1642 não pode ser gerada.]
[2024-09-27 21:27:46,812 - WARNING - [ConsorcioBB] Tentando novamente para o grupo 1648 devido a uma falha de execução.]
[2024-09-27 21:27:46,828 - WARNING - [ConsorcioBB] Média do grupo 1648 não pode ser gerada.]
[2024-09-27 21:27:46,844 - WARNING - [ConsorcioBB] Tentando novamente para o grupo 1657 devido a uma falha de execução.]
[2024-09-27 21:27:46,860 - WARNING - [ConsorcioBB] Média do grupo 1657 não pode ser gerada.]
[2024-09-27 21:27:46,875 - WARNING - [ConsorcioBB] Tentando novamente para o grupo 1664 devido a uma falha de execução.]
[2024-09-27 21:27:46,891 - WARNING - [ConsorcioBB] Média do grupo 1664 não pode ser gerada.]
[2024-09-27 21:27:46,919 - WARNING - [ConsorcioBB] Tentando novamente para o grupo 1671 devido a uma falha de execução.]
[2024-09-27 21:27:46,923 - WARNING - [ConsorcioBB] Média do grupo 1671 não pode ser gerada.]
[2024-09-27 21:27:46,938 - WARNING - [ConsorcioBB] Tentando novamente para o grupo 1673 devido a uma falha de execução.]
[2024-09-27 21:27:46,969 - WARNING - [ConsorcioBB] Média do grupo 1673 não pode ser gerada.]
[2024-09-27 21:27:46,985 - WARNING - [ConsorcioBB] Tentando novamente para o grupo 1686 devido a uma falha de execução.]
[2024-09-27 21:27:47,002 - WARNING - [ConsorcioBB] Média do grupo 1686 não pode ser gerada.]
[2024-09-27 21:27:47,019 - WARNING - [ConsorcioBB] Tentando novamente para o grupo 1721 devido a uma falha de execução.]
[2024-09-27 21:27:47,034 - WARNING - [ConsorcioBB] Média do grupo 1721 não pode ser gerada.]
[2024-09-27 21:27:47,049 - WARNING - [ConsorcioBB] Tentando novamente para o grupo 1464 devido a uma falha de execução.]
[2024-09-27 21:27:47,065 - WARNING - [ConsorcioBB] Média do grupo 1464 não pode ser gerada.]
[2024-09-27 21:27:47,081 - WARNING - [ConsorcioBB] Tentando novamente para o grupo 1495 devido a uma falha de execução.]
[2024-09-27 21:27:47,096 - WARNING - [ConsorcioBB] Média do grupo 1495 não pode ser gerada.]
[2024-09-27 21:27:47,112 - ERROR - [ConsorcioBB] Erro geral: Message: disconnected: not connected to DevTools
  (failed to check if window was closed: disconnected: not connected to DevTools)
  (Session info: chrome=129.0.6668.60)
Stacktrace:
	GetHandleVerifier [0x00007FF61264B125+29573]
	(No symbol) [0x00007FF6125BFF50]
	(No symbol) [0x00007FF61247B6EA]
	(No symbol) [0x00007FF612462BAC]
	(No symbol) [0x00007FF612462A70]
	(No symbol) [0x00007FF61247E0B1]
	(No symbol) [0x00007FF612517FE9]
	(No symbol) [0x00007FF6124F70A3]
	(No symbol) [0x00007FF6124C12DF]
	(No symbol) [0x00007FF6124C2441]
	GetHandleVerifier [0x00007FF61297C76D+3377613]
	GetHandleVerifier [0x00007FF6129C7B67+3685831]
	GetHandleVerifier [0x00007FF6129BCF8B+3641835]
	GetHandleVerifier [0x00007FF61270B2A6+816390]
	(No symbol) [0x00007FF6125CB25F]
	(No symbol) [0x00007FF6125C7084]
	(No symbol) [0x00007FF6125C7220]
	(No symbol) [0x00007FF6125B607F]
	BaseThreadInitThunk [0x00007FFB7D62257D+29]
	RtlUserThreadStart [0x00007FFB7F5CAF28+40]
]
[2024-09-27 22:49:18,981 - INFO - [Executar] Iniciando execução [11] datetime [2024-09-27 22:49:18]]
[2024-09-27 22:49:19,012 - WARNING - [ConsorcioBB] Versão Selenium Em Execução (V4.21.0).]
[2024-09-27 22:49:19,028 - INFO - [ConsorcioBB] Iniciando Chrome...]
[2024-09-27 22:49:20,825 - INFO - [ConsorcioBB] Acessando URL (https://www.parceirosbbconsorcios.com.br).]
[2024-09-27 22:49:23,264 - INFO - [ConsorcioBB] Efetuando login PP BB Consórcio.]
[2024-09-27 22:49:24,278 - INFO - [ConsorcioBB] Logado com sucesso no PP BB Consórcio.]
[2024-09-27 22:49:24,279 - INFO - [ConsorcioBB] Fechando Poup-Up Inicial.]
[2024-09-27 22:49:24,398 - INFO - [ConsorcioBB] Poup-Up fechado.]
[2024-09-27 22:49:41,297 - INFO - [ConsorcioBB] Data frame Grupos Ativos [TC] extraído com sucesso. ]
[2024-09-27 22:50:03,869 - INFO - [ConsorcioBB] Data frame Grupos Ativos [AI] extraído com sucesso. ]
[2024-09-27 22:50:47,806 - INFO - [ConsorcioBB] Data frame Grupos Ativos [AU] extraído com sucesso. ]
[2024-09-27 22:51:03,894 - INFO - [ConsorcioBB] Data frame Grupos Ativos [MO] extraído com sucesso. ]
[2024-09-27 22:51:28,570 - INFO - [ConsorcioBB] Data frame Grupos Ativos [EE] extraído com sucesso. ]
[2024-09-27 22:51:40,785 - INFO - [ConsorcioBB] Data frame Grupos Ativos [IM240] extraído com sucesso. ]
[2024-09-27 22:51:43,310 - INFO - [ConsorcioBB] Data frame Grupos Ativos [IMP] extraído com sucesso. ]
[2024-09-27 22:51:44,199 - INFO - [Executar] Arquivo 'df_todosGruposAtivos.xlsx' criado com sucesso.]
[2024-09-27 22:52:47,826 - INFO - [ConsorcioBB] Dados das Assembleias Extraídos com Sucesso.]
[2024-09-27 22:52:48,163 - INFO - [Executar] Arquivo 'df_dados_assembleia.xlsx' criado com sucesso.]
[2024-09-27 23:50:45,370 - INFO - [ConsorcioBB] Média contemplações extraídas com sucesso.]
[2024-09-27 23:50:45,547 - INFO - [Executar] Arquivo 'df_medias_assembleias.xlsx' criado com sucesso.]
[2024-09-27 23:50:46,004 - INFO - [Executar] Arquivo 'TodosGruposAtivos.xlsx' criado com sucesso.]
[2024-09-27 23:50:46,004 - INFO - [ConsorcioBB] Encerrando Chrome.]
[2024-10-01 20:04:35,553 - INFO - [Executar] Iniciando execução [11] datetime [2024-10-01 20:04:35]]
[2024-10-01 20:04:35,587 - WARNING - [ConsorcioBB] Versão Selenium Em Execução (V4.21.0).]
[2024-10-01 20:04:35,588 - INFO - [ConsorcioBB] Iniciando Chrome...]
[2024-10-01 20:04:37,741 - INFO - [ConsorcioBB] Acessando URL (https://www.parceirosbbconsorcios.com.br).]
[2024-10-01 20:04:40,409 - INFO - [ConsorcioBB] Efetuando login PP BB Consórcio.]
[2024-10-01 20:04:41,255 - INFO - [ConsorcioBB] Logado com sucesso no PP BB Consórcio.]
[2024-10-01 20:04:41,257 - INFO - [ConsorcioBB] Fechando Poup-Up Inicial.]
[2024-10-01 20:04:41,350 - INFO - [ConsorcioBB] Poup-Up fechado.]
[2024-10-01 20:04:54,084 - INFO - [ConsorcioBB] Data frame Grupos Ativos [TC] extraído com sucesso. ]
[2024-10-01 20:05:13,894 - INFO - [ConsorcioBB] Data frame Grupos Ativos [AI] extraído com sucesso. ]
[2024-10-01 20:05:50,523 - INFO - [ConsorcioBB] Data frame Grupos Ativos [AU] extraído com sucesso. ]
[2024-10-01 20:06:05,427 - INFO - [ConsorcioBB] Data frame Grupos Ativos [MO] extraído com sucesso. ]
[2024-10-01 20:06:33,131 - INFO - [ConsorcioBB] Data frame Grupos Ativos [EE] extraído com sucesso. ]
[2024-10-01 20:06:44,186 - INFO - [ConsorcioBB] Data frame Grupos Ativos [IM240] extraído com sucesso. ]
[2024-10-01 20:06:46,456 - INFO - [ConsorcioBB] Data frame Grupos Ativos [IMP] extraído com sucesso. ]
[2024-10-01 20:06:47,574 - INFO - [Executar] Arquivo 'df_todosGruposAtivos.xlsx' criado com sucesso.]
[2024-10-01 20:07:43,680 - INFO - [ConsorcioBB] Dados das Assembleias Extraídos com Sucesso.]
[2024-10-01 20:07:44,017 - INFO - [Executar] Arquivo 'df_dados_assembleia.xlsx' criado com sucesso.]
[2024-10-01 20:07:44,424 - INFO - [Executar] Arquivo 'TodosGruposAtivos.xlsx' criado com sucesso.]
[2024-10-01 20:07:44,425 - INFO - [ConsorcioBB] Encerrando Chrome.]
[2024-10-06 19:33:24,970 - INFO - [Executar] Iniciando execução [11] datetime [2024-10-06 19:33:24]]
[2024-10-06 19:33:25,015 - WARNING - [ConsorcioBB] Versão Selenium Em Execução (V4.21.0).]
[2024-10-06 19:33:25,015 - INFO - [ConsorcioBB] Iniciando Chrome...]
[2024-10-06 19:33:27,149 - INFO - [ConsorcioBB] Acessando URL (https://www.parceirosbbconsorcios.com.br).]
[2024-10-06 19:33:30,158 - INFO - [ConsorcioBB] Efetuando login PP BB Consórcio.]
[2024-10-06 19:33:31,087 - INFO - [ConsorcioBB] Logado com sucesso no PP BB Consórcio.]
[2024-10-06 19:33:31,087 - INFO - [ConsorcioBB] Fechando Poup-Up Inicial.]
[2024-10-06 19:33:31,224 - INFO - [ConsorcioBB] Poup-Up fechado.]
[2024-10-06 19:33:44,479 - INFO - [ConsorcioBB] Data frame Grupos Ativos [TC] extraído com sucesso. ]
[2024-10-06 19:34:03,711 - INFO - [ConsorcioBB] Data frame Grupos Ativos [AI] extraído com sucesso. ]
[2024-10-06 19:34:39,002 - INFO - [ConsorcioBB] Data frame Grupos Ativos [AU] extraído com sucesso. ]
[2024-10-06 19:34:53,496 - INFO - [ConsorcioBB] Data frame Grupos Ativos [MO] extraído com sucesso. ]
[2024-10-06 19:35:19,903 - INFO - [ConsorcioBB] Data frame Grupos Ativos [EE] extraído com sucesso. ]
[2024-10-06 19:35:30,977 - INFO - [ConsorcioBB] Data frame Grupos Ativos [IM240] extraído com sucesso. ]
[2024-10-06 19:35:33,414 - INFO - [ConsorcioBB] Data frame Grupos Ativos [IMP] extraído com sucesso. ]
[2024-10-06 19:35:34,303 - INFO - [Executar] Arquivo 'df_todosGruposAtivos.xlsx' criado com sucesso.]
[2024-10-06 19:36:28,370 - INFO - [ConsorcioBB] Dados das Assembleias Extraídos com Sucesso.]
[2024-10-06 19:36:28,637 - INFO - [Executar] Arquivo 'df_dados_assembleia.xlsx' criado com sucesso.]
[2024-10-06 19:36:28,952 - INFO - [Executar] Arquivo 'TodosGruposAtivos.xlsx' criado com sucesso.]
[2024-10-06 19:36:28,952 - INFO - [ConsorcioBB] Encerrando Chrome.]
[2024-10-09 07:00:39,830 - INFO - [Executar] Iniciando execução [11] datetime [2024-10-09 07:00:39]]
[2024-10-09 07:00:40,008 - WARNING - [ConsorcioBB] Versão Selenium Em Execução (V4.21.0).]
[2024-10-09 07:00:40,008 - INFO - [ConsorcioBB] Iniciando Chrome...]
[2024-10-09 07:00:42,288 - INFO - [ConsorcioBB] Acessando URL (https://www.parceirosbbconsorcios.com.br).]
[2024-10-09 07:00:44,639 - INFO - [ConsorcioBB] Efetuando login PP BB Consórcio.]
[2024-10-09 07:00:45,333 - INFO - [ConsorcioBB] Logado com sucesso no PP BB Consórcio.]
[2024-10-09 07:00:45,333 - INFO - [ConsorcioBB] Fechando Poup-Up Inicial.]
[2024-10-09 07:00:45,446 - INFO - [ConsorcioBB] Poup-Up fechado.]
[2024-10-09 07:00:56,503 - INFO - [ConsorcioBB] Data frame Grupos Ativos [TC] extraído com sucesso. ]
[2024-10-09 07:01:16,894 - INFO - [ConsorcioBB] Data frame Grupos Ativos [AI] extraído com sucesso. ]
[2024-10-09 07:01:53,821 - INFO - [ConsorcioBB] Data frame Grupos Ativos [AU] extraído com sucesso. ]
[2024-10-09 07:02:08,334 - INFO - [ConsorcioBB] Data frame Grupos Ativos [MO] extraído com sucesso. ]
[2024-10-09 07:02:35,716 - INFO - [ConsorcioBB] Data frame Grupos Ativos [EE] extraído com sucesso. ]
[2024-10-09 07:02:46,427 - INFO - [ConsorcioBB] Data frame Grupos Ativos [IM240] extraído com sucesso. ]
[2024-10-09 07:02:48,566 - INFO - [ConsorcioBB] Data frame Grupos Ativos [IMP] extraído com sucesso. ]
[2024-10-09 07:02:49,483 - INFO - [Executar] Arquivo 'df_todosGruposAtivos.xlsx' criado com sucesso.]
[2024-10-09 07:03:24,681 - ERROR - 
[ConsorcioBB] Falha ReturnsDataFrameAssemblyData.
could not convert string to float: ' ']
[2024-10-09 07:03:24,765 - INFO - [ERROR] Captura de tela do erro salva em [C:\Users\pedro\OneDrive\Anexos\Área de Trabalho\AUTOMAÇÕES ISF\AutomacaoConsorcio\Builds\Build Number 11\error.png]]
[2024-10-09 07:06:37,300 - INFO - [Executar] Iniciando execução [11] datetime [2024-10-09 07:06:37]]
[2024-10-09 07:06:37,350 - WARNING - [ConsorcioBB] Versão Selenium Em Execução (V4.21.0).]
[2024-10-09 07:06:37,350 - INFO - [ConsorcioBB] Iniciando Chrome...]
[2024-10-09 07:06:39,040 - INFO - [ConsorcioBB] Acessando URL (https://www.parceirosbbconsorcios.com.br).]
[2024-10-09 07:06:41,230 - INFO - [ConsorcioBB] Efetuando login PP BB Consórcio.]
[2024-10-09 07:06:41,868 - INFO - [ConsorcioBB] Logado com sucesso no PP BB Consórcio.]
[2024-10-09 07:06:41,868 - INFO - [ConsorcioBB] Fechando Poup-Up Inicial.]
[2024-10-09 07:06:41,980 - INFO - [ConsorcioBB] Poup-Up fechado.]
[2024-10-09 07:06:52,415 - INFO - [ConsorcioBB] Data frame Grupos Ativos [TC] extraído com sucesso. ]
[2024-10-09 07:07:12,626 - INFO - [ConsorcioBB] Data frame Grupos Ativos [AI] extraído com sucesso. ]
[2024-10-09 07:07:48,139 - INFO - [ConsorcioBB] Data frame Grupos Ativos [AU] extraído com sucesso. ]
[2024-10-09 07:08:02,838 - INFO - [ConsorcioBB] Data frame Grupos Ativos [MO] extraído com sucesso. ]
[2024-10-09 07:08:30,137 - INFO - [ConsorcioBB] Data frame Grupos Ativos [EE] extraído com sucesso. ]
[2024-10-09 07:08:40,836 - INFO - [ConsorcioBB] Data frame Grupos Ativos [IM240] extraído com sucesso. ]
[2024-10-09 07:08:43,078 - INFO - [ConsorcioBB] Data frame Grupos Ativos [IMP] extraído com sucesso. ]
[2024-10-09 07:08:43,970 - INFO - [Executar] Arquivo 'df_todosGruposAtivos.xlsx' criado com sucesso.]
[2024-10-09 07:09:19,517 - ERROR - 
[ConsorcioBB] Falha ReturnsDataFrameAssemblyData.
could not convert string to float: ' ']
[2024-10-09 07:09:19,594 - INFO - [ERROR] Captura de tela do erro salva em [C:\Users\pedro\OneDrive\Anexos\Área de Trabalho\AUTOMAÇÕES ISF\AutomacaoConsorcio\Builds\Build Number 11\error.png]]
[2024-10-09 07:14:34,241 - INFO - [Executar] Iniciando execução [11] datetime [2024-10-09 07:14:34]]
[2024-10-09 07:14:34,273 - WARNING - [ConsorcioBB] Versão Selenium Em Execução (V4.21.0).]
[2024-10-09 07:14:34,273 - INFO - [ConsorcioBB] Iniciando Chrome...]
[2024-10-09 07:14:35,975 - INFO - [ConsorcioBB] Acessando URL (https://www.parceirosbbconsorcios.com.br).]
[2024-10-09 07:14:37,992 - INFO - [ConsorcioBB] Efetuando login PP BB Consórcio.]
[2024-10-09 07:14:38,640 - INFO - [ConsorcioBB] Logado com sucesso no PP BB Consórcio.]
[2024-10-09 07:14:38,640 - INFO - [ConsorcioBB] Fechando Poup-Up Inicial.]
[2024-10-09 07:14:38,730 - INFO - [ConsorcioBB] Poup-Up fechado.]
[2024-10-09 07:14:49,074 - INFO - [ConsorcioBB] Data frame Grupos Ativos [TC] extraído com sucesso. ]
[2024-10-09 07:15:09,372 - INFO - [ConsorcioBB] Data frame Grupos Ativos [AI] extraído com sucesso. ]
[2024-10-09 07:15:45,389 - INFO - [ConsorcioBB] Data frame Grupos Ativos [AU] extraído com sucesso. ]
[2024-10-09 07:16:00,034 - INFO - [ConsorcioBB] Data frame Grupos Ativos [MO] extraído com sucesso. ]
[2024-10-09 07:16:27,538 - INFO - [ConsorcioBB] Data frame Grupos Ativos [EE] extraído com sucesso. ]
[2024-10-09 07:16:38,252 - INFO - [ConsorcioBB] Data frame Grupos Ativos [IM240] extraído com sucesso. ]
[2024-10-09 07:16:40,490 - INFO - [ConsorcioBB] Data frame Grupos Ativos [IMP] extraído com sucesso. ]
[2024-10-09 07:16:41,300 - INFO - [Executar] Arquivo 'df_todosGruposAtivos.xlsx' criado com sucesso.]
[2024-10-09 07:17:21,278 - ERROR - 
[ConsorcioBB] Falha ReturnsDataFrameAssemblyData.
could not convert string to float: ' ']
[2024-10-09 07:17:21,365 - INFO - [ERROR] Captura de tela do erro salva em [C:\Users\pedro\OneDrive\Anexos\Área de Trabalho\AUTOMAÇÕES ISF\AutomacaoConsorcio\Builds\Build Number 11\error.png]]
[2024-10-09 07:18:20,411 - INFO - [Executar] Iniciando execução [11] datetime [2024-10-09 07:18:20]]
[2024-10-09 07:18:20,450 - WARNING - [ConsorcioBB] Versão Selenium Em Execução (V4.21.0).]
[2024-10-09 07:18:20,450 - INFO - [ConsorcioBB] Iniciando Chrome...]
[2024-10-09 07:18:21,998 - INFO - [ConsorcioBB] Acessando URL (https://www.parceirosbbconsorcios.com.br).]
[2024-10-09 07:18:24,082 - INFO - [ConsorcioBB] Efetuando login PP BB Consórcio.]
[2024-10-09 07:18:24,737 - INFO - [ConsorcioBB] Logado com sucesso no PP BB Consórcio.]
[2024-10-09 07:18:24,737 - INFO - [ConsorcioBB] Fechando Poup-Up Inicial.]
[2024-10-09 07:18:24,826 - INFO - [ConsorcioBB] Poup-Up fechado.]
[2024-10-09 07:18:34,917 - INFO - [ConsorcioBB] Data frame Grupos Ativos [TC] extraído com sucesso. ]
[2024-10-09 07:18:54,913 - INFO - [ConsorcioBB] Data frame Grupos Ativos [AI] extraído com sucesso. ]
[2024-10-09 07:19:30,906 - INFO - [ConsorcioBB] Data frame Grupos Ativos [AU] extraído com sucesso. ]
[2024-10-09 07:19:45,446 - INFO - [ConsorcioBB] Data frame Grupos Ativos [MO] extraído com sucesso. ]
[2024-10-09 07:20:12,612 - INFO - [ConsorcioBB] Data frame Grupos Ativos [EE] extraído com sucesso. ]
[2024-10-09 07:20:23,368 - INFO - [ConsorcioBB] Data frame Grupos Ativos [IM240] extraído com sucesso. ]
[2024-10-09 07:20:25,518 - INFO - [ConsorcioBB] Data frame Grupos Ativos [IMP] extraído com sucesso. ]
[2024-10-09 07:20:26,245 - INFO - [Executar] Arquivo 'df_todosGruposAtivos.xlsx' criado com sucesso.]
[2024-10-09 07:21:04,632 - ERROR - 
[ConsorcioBB] Falha ReturnsDataFrameAssemblyData.
could not convert string to float: ' ']
[2024-10-09 07:21:04,716 - INFO - [ERROR] Captura de tela do erro salva em [C:\Users\pedro\OneDrive\Anexos\Área de Trabalho\AUTOMAÇÕES ISF\AutomacaoConsorcio\Builds\Build Number 11\error.png]]
[2024-10-09 08:08:59,546 - INFO - [Executar] Iniciando execução [11] datetime [2024-10-09 08:08:59]]
[2024-10-09 08:08:59,593 - WARNING - [ConsorcioBB] Versão Selenium Em Execução (V4.21.0).]
[2024-10-09 08:08:59,593 - INFO - [ConsorcioBB] Iniciando Chrome...]
[2024-10-09 08:09:01,205 - INFO - [ConsorcioBB] Acessando URL (https://www.parceirosbbconsorcios.com.br).]
[2024-10-09 08:09:01,547 - INFO - [ConsorcioBB] Efetuando login PP BB Consórcio.]
[2024-10-09 08:09:02,401 - INFO - [ConsorcioBB] Logado com sucesso no PP BB Consórcio.]
[2024-10-09 08:09:02,409 - INFO - [ConsorcioBB] Fechando Poup-Up Inicial.]
[2024-10-09 08:09:02,497 - INFO - [ConsorcioBB] Poup-Up fechado.]
[2024-10-09 08:09:12,686 - INFO - [ConsorcioBB] Data frame Grupos Ativos [TC] extraído com sucesso. ]
[2024-10-09 08:09:34,577 - INFO - [ConsorcioBB] Data frame Grupos Ativos [AI] extraído com sucesso. ]
[2024-10-09 08:10:09,608 - INFO - [ConsorcioBB] Data frame Grupos Ativos [AU] extraído com sucesso. ]
[2024-10-09 08:10:24,118 - INFO - [ConsorcioBB] Data frame Grupos Ativos [MO] extraído com sucesso. ]
[2024-10-09 08:10:50,757 - INFO - [ConsorcioBB] Data frame Grupos Ativos [EE] extraído com sucesso. ]
[2024-10-09 08:11:02,099 - INFO - [ConsorcioBB] Data frame Grupos Ativos [IM240] extraído com sucesso. ]
[2024-10-09 08:11:05,035 - INFO - [ConsorcioBB] Data frame Grupos Ativos [IMP] extraído com sucesso. ]
[2024-10-09 08:11:05,784 - INFO - [Executar] Arquivo 'df_todosGruposAtivos.xlsx' criado com sucesso.]
[2024-10-09 08:11:06,250 - ERROR - 
[ConsorcioBB] Falha ReturnsDataFrameAssemblyData.
'int' object has no attribute 'replace']
[2024-10-09 08:11:06,360 - INFO - [ERROR] Captura de tela do erro salva em [C:\Users\pedro\OneDrive\Anexos\Área de Trabalho\AUTOMAÇÕES ISF\AutomacaoConsorcio\Builds\Build Number 11\error.png]]
[2024-10-09 08:12:29,368 - INFO - [Executar] Iniciando execução [11] datetime [2024-10-09 08:12:29]]
[2024-10-09 08:12:29,415 - WARNING - [ConsorcioBB] Versão Selenium Em Execução (V4.21.0).]
[2024-10-09 08:12:29,415 - INFO - [ConsorcioBB] Iniciando Chrome...]
[2024-10-09 08:12:31,299 - INFO - [ConsorcioBB] Acessando URL (https://www.parceirosbbconsorcios.com.br).]
[2024-10-09 08:12:31,996 - INFO - [ConsorcioBB] Efetuando login PP BB Consórcio.]
[2024-10-09 08:12:33,508 - INFO - [ConsorcioBB] Logado com sucesso no PP BB Consórcio.]
[2024-10-09 08:12:33,508 - INFO - [ConsorcioBB] Fechando Poup-Up Inicial.]
[2024-10-09 08:12:33,595 - INFO - [ConsorcioBB] Poup-Up fechado.]
[2024-10-09 08:12:43,912 - INFO - [ConsorcioBB] Data frame Grupos Ativos [TC] extraído com sucesso. ]
[2024-10-09 08:13:07,629 - INFO - [ConsorcioBB] Data frame Grupos Ativos [AI] extraído com sucesso. ]
[2024-10-09 08:13:46,299 - INFO - [ConsorcioBB] Data frame Grupos Ativos [AU] extraído com sucesso. ]
[2024-10-09 08:14:01,078 - INFO - [ConsorcioBB] Data frame Grupos Ativos [MO] extraído com sucesso. ]
[2024-10-09 08:14:30,145 - INFO - [ConsorcioBB] Data frame Grupos Ativos [EE] extraído com sucesso. ]
[2024-10-09 08:14:41,797 - INFO - [ConsorcioBB] Data frame Grupos Ativos [IM240] extraído com sucesso. ]
[2024-10-09 08:14:44,218 - INFO - [ConsorcioBB] Data frame Grupos Ativos [IMP] extraído com sucesso. ]
[2024-10-09 08:14:45,275 - INFO - [Executar] Arquivo 'df_todosGruposAtivos.xlsx' criado com sucesso.]
[2024-10-09 08:15:50,989 - INFO - [ConsorcioBB] Dados das Assembleias Extraídos com Sucesso.]
[2024-10-09 08:15:51,350 - INFO - [Executar] Arquivo 'df_dados_assembleia.xlsx' criado com sucesso.]
[2024-10-09 08:15:51,755 - INFO - [Executar] Arquivo 'TodosGruposAtivos.xlsx' criado com sucesso.]
[2024-10-09 08:15:51,755 - INFO - [ConsorcioBB] Encerrando Chrome.]
[2024-10-09 08:18:51,445 - INFO - [Executar] Iniciando execução [11] datetime [2024-10-09 08:18:51]]
[2024-10-09 08:18:51,517 - WARNING - [ConsorcioBB] Versão Selenium Em Execução (V4.21.0).]
[2024-10-09 08:18:51,517 - INFO - [ConsorcioBB] Iniciando Chrome...]
[2024-10-09 08:18:53,317 - INFO - [ConsorcioBB] Acessando URL (https://www.parceirosbbconsorcios.com.br).]
[2024-10-09 08:18:53,918 - INFO - [ConsorcioBB] Efetuando login PP BB Consórcio.]
[2024-10-09 08:18:57,329 - INFO - [ConsorcioBB] Logado com sucesso no PP BB Consórcio.]
[2024-10-09 08:18:57,329 - INFO - [ConsorcioBB] Fechando Poup-Up Inicial.]
[2024-10-09 08:18:57,430 - INFO - [ConsorcioBB] Poup-Up fechado.]
[2024-10-09 08:19:09,447 - INFO - [ConsorcioBB] Data frame Grupos Ativos [TC] extraído com sucesso. ]
[2024-10-09 08:19:32,404 - INFO - [ConsorcioBB] Data frame Grupos Ativos [AI] extraído com sucesso. ]
[2024-10-09 08:20:11,226 - INFO - [ConsorcioBB] Data frame Grupos Ativos [AU] extraído com sucesso. ]
[2024-10-09 08:20:28,301 - INFO - [ConsorcioBB] Data frame Grupos Ativos [MO] extraído com sucesso. ]
[2024-10-09 08:20:57,404 - INFO - [ConsorcioBB] Data frame Grupos Ativos [EE] extraído com sucesso. ]
[2024-10-09 08:21:09,846 - INFO - [ConsorcioBB] Data frame Grupos Ativos [IM240] extraído com sucesso. ]
[2024-10-09 08:21:13,304 - INFO - [ConsorcioBB] Data frame Grupos Ativos [IMP] extraído com sucesso. ]
[2024-10-09 08:21:14,261 - INFO - [Executar] Arquivo 'df_todosGruposAtivos.xlsx' criado com sucesso.]
[2024-10-09 08:22:04,271 - ERROR - 
[ConsorcioBB] Falha ReturnsDataFrameAssemblyData.
could not convert string to float: ' ']
[2024-10-09 08:22:04,377 - INFO - [ERROR] Captura de tela do erro salva em [C:\Users\pedro\OneDrive\Anexos\Área de Trabalho\AUTOMAÇÕES ISF\AutomacaoConsorcio\Builds\Build Number 11\error.png]]
[2024-10-09 08:23:14,137 - INFO - [Executar] Iniciando execução [11] datetime [2024-10-09 08:23:14]]
[2024-10-09 08:23:14,169 - WARNING - [ConsorcioBB] Versão Selenium Em Execução (V4.21.0).]
[2024-10-09 08:23:14,169 - INFO - [ConsorcioBB] Iniciando Chrome...]
[2024-10-09 08:23:15,807 - INFO - [ConsorcioBB] Acessando URL (https://www.parceirosbbconsorcios.com.br).]
[2024-10-09 08:23:16,147 - INFO - [ConsorcioBB] Efetuando login PP BB Consórcio.]
[2024-10-09 08:23:17,132 - INFO - [ConsorcioBB] Logado com sucesso no PP BB Consórcio.]
[2024-10-09 08:23:17,133 - INFO - [ConsorcioBB] Fechando Poup-Up Inicial.]
[2024-10-09 08:23:17,219 - INFO - [ConsorcioBB] Poup-Up fechado.]
[2024-10-09 08:23:27,226 - INFO - [ConsorcioBB] Data frame Grupos Ativos [TC] extraído com sucesso. ]
[2024-10-09 08:23:52,115 - INFO - [ConsorcioBB] Data frame Grupos Ativos [AI] extraído com sucesso. ]
[2024-10-09 08:24:34,168 - INFO - [ConsorcioBB] Data frame Grupos Ativos [AU] extraído com sucesso. ]
[2024-10-09 08:24:48,234 - INFO - [ConsorcioBB] Data frame Grupos Ativos [MO] extraído com sucesso. ]
[2024-10-09 08:25:13,856 - INFO - [ConsorcioBB] Data frame Grupos Ativos [EE] extraído com sucesso. ]
[2024-10-09 08:25:24,419 - INFO - [ConsorcioBB] Data frame Grupos Ativos [IM240] extraído com sucesso. ]
[2024-10-09 08:25:26,815 - INFO - [ConsorcioBB] Data frame Grupos Ativos [IMP] extraído com sucesso. ]
[2024-10-09 08:25:27,552 - INFO - [Executar] Arquivo 'df_todosGruposAtivos.xlsx' criado com sucesso.]
[2024-10-09 08:26:33,103 - INFO - [ConsorcioBB] Dados das Assembleias Extraídos com Sucesso.]
[2024-10-09 08:26:33,400 - INFO - [Executar] Arquivo 'df_dados_assembleia.xlsx' criado com sucesso.]
[2024-10-09 08:26:33,716 - INFO - [Executar] Arquivo 'TodosGruposAtivos.xlsx' criado com sucesso.]
[2024-10-09 08:26:33,716 - INFO - [ConsorcioBB] Encerrando Chrome.]
[2024-10-10 11:36:21,750 - INFO - [Executar] Iniciando execução [11] datetime [2024-10-10 11:36:21]]
[2024-10-10 11:36:21,788 - WARNING - [ConsorcioBB] Versão Selenium Em Execução (V4.21.0).]
[2024-10-10 11:36:21,788 - INFO - [ConsorcioBB] Iniciando Chrome...]
[2024-10-10 11:36:23,942 - INFO - [ConsorcioBB] Acessando URL (https://www.parceirosbbconsorcios.com.br).]
[2024-10-10 11:36:26,302 - INFO - [ConsorcioBB] Efetuando login PP BB Consórcio.]
[2024-10-10 11:36:26,762 - INFO - [ConsorcioBB] Logado com sucesso no PP BB Consórcio.]
[2024-10-10 11:36:26,762 - INFO - [ConsorcioBB] Fechando Poup-Up Inicial.]
[2024-10-10 11:36:26,766 - ERROR - 
[ConsorcioBB] Falha no metodo ClosePoupUp.
Alert Text: Usuário não Cadastrado.
Message: unexpected alert open: {Alert text : Usuário não Cadastrado.}
  (Session info: chrome=129.0.6668.90)
Stacktrace:
	GetHandleVerifier [0x00007FF60C0AB125+29573]
	(No symbol) [0x00007FF60C01FF50]
	(No symbol) [0x00007FF60BEDB6EA]
	(No symbol) [0x00007FF60BF79280]
	(No symbol) [0x00007FF60BF570A3]
	(No symbol) [0x00007FF60BF212DF]
	(No symbol) [0x00007FF60BF22441]
	GetHandleVerifier [0x00007FF60C3DC76D+3377613]
	GetHandleVerifier [0x00007FF60C427B67+3685831]
	GetHandleVerifier [0x00007FF60C41CF8B+3641835]
	GetHandleVerifier [0x00007FF60C16B2A6+816390]
	(No symbol) [0x00007FF60C02B25F]
	(No symbol) [0x00007FF60C027084]
	(No symbol) [0x00007FF60C027220]
	(No symbol) [0x00007FF60C01607F]
	BaseThreadInitThunk [0x00007FFF1D09257D+29]
	RtlUserThreadStart [0x00007FFF1F3AAF28+40]
]
