[2024-08-13 13:13:32,350 - INFO - [Executar] Iniciando execução [8] datetime [2024-08-13 13:13:32]]
[2024-08-13 13:13:32,367 - WARNING - [ConsorcioBB] Versão Selenium Em Execução (V4.21.0).]
[2024-08-13 13:13:32,381 - INFO - [ConsorcioBB] Iniciando Chrome...]
[2024-08-13 13:13:34,231 - INFO - [ConsorcioBB] Acessando URL (https://www.parceirosbbconsorcios.com.br).]
[2024-08-13 13:13:34,786 - INFO - [ConsorcioBB] Efetuando login PP BB Consórcio.]
[2024-08-13 13:13:35,786 - INFO - [ConsorcioBB] Logado com sucesso no PP BB Consórcio.]
[2024-08-13 13:13:35,786 - INFO - [ConsorcioBB] Fechando Poup-Up Inicial.]
[2024-08-13 13:13:35,876 - INFO - [ConsorcioBB] Poup-Up fechado.]
[2024-08-13 13:13:58,100 - INFO - [ConsorcioBB] Data frame Grupos Ativos [TC] extraído com sucesso. ]
[2024-08-13 13:14:30,206 - INFO - [ConsorcioBB] Data frame Grupos Ativos [AI] extraído com sucesso. ]
[2024-08-13 13:15:24,275 - INFO - [ConsorcioBB] Data frame Grupos Ativos [AU] extraído com sucesso. ]
[2024-08-13 13:15:46,891 - INFO - [ConsorcioBB] Data frame Grupos Ativos [MO] extraído com sucesso. ]
[2024-08-13 13:16:10,222 - INFO - [ConsorcioBB] Data frame Grupos Ativos [EE] extraído com sucesso. ]
[2024-08-13 13:16:24,273 - INFO - [ConsorcioBB] Data frame Grupos Ativos [IM240] extraído com sucesso. ]
[2024-08-13 13:16:26,717 - INFO - [ConsorcioBB] Data frame Grupos Ativos [IMP] extraído com sucesso. ]
[2024-08-13 13:16:27,827 - INFO - [Executar] Arquivo 'df_todosGruposAtivos.xlsx' criado com sucesso.]
[2024-08-13 13:18:00,839 - INFO - [ConsorcioBB] Dados das Assembleias Extraídos com Sucesso.]
[2024-08-13 13:18:01,343 - INFO - [Executar] Arquivo 'df_dados_assembleia.xlsx' criado com sucesso.]
[2024-08-13 13:33:01,113 - ERROR - [ConsorcioBB] Erro ao processar grupo 1647: Message: 
Stacktrace:
	GetHandleVerifier [0x00007FF723CF9632+30946]
	(No symbol) [0x00007FF723CAE3C9]
	(No symbol) [0x00007FF723BA6FDA]
	(No symbol) [0x00007FF723BF822C]
	(No symbol) [0x00007FF723BF850C]
	(No symbol) [0x00007FF723C3DCB7]
	(No symbol) [0x00007FF723C1CAAF]
	(No symbol) [0x00007FF723C3B041]
	(No symbol) [0x00007FF723C1C813]
	(No symbol) [0x00007FF723BEA6E5]
	(No symbol) [0x00007FF723BEB021]
	GetHandleVerifier [0x00007FF723E2F83D+1301229]
	GetHandleVerifier [0x00007FF723E3BDB7+1351783]
	GetHandleVerifier [0x00007FF723E32A03+1313971]
	GetHandleVerifier [0x00007FF723D2DD06+245686]
	(No symbol) [0x00007FF723CB758F]
	(No symbol) [0x00007FF723CB3804]
	(No symbol) [0x00007FF723CB3992]
	(No symbol) [0x00007FF723CAA3EF]
	BaseThreadInitThunk [0x00007FF832D7257D+29]
	RtlUserThreadStart [0x00007FF83342AF28+40]
]
[2024-08-13 13:33:01,121 - WARNING - [ConsorcioBB] Tentando novamente para o grupo 1647 devido a uma falha de execução.]
[2024-08-13 13:41:05,915 - ERROR - [ConsorcioBB] Erro ao processar grupo 1473: Message: 
Stacktrace:
	GetHandleVerifier [0x00007FF723CF9632+30946]
	(No symbol) [0x00007FF723CAE3C9]
	(No symbol) [0x00007FF723BA6FDA]
	(No symbol) [0x00007FF723BF822C]
	(No symbol) [0x00007FF723BF850C]
	(No symbol) [0x00007FF723C3DCB7]
	(No symbol) [0x00007FF723C1CAAF]
	(No symbol) [0x00007FF723C3B041]
	(No symbol) [0x00007FF723C1C813]
	(No symbol) [0x00007FF723BEA6E5]
	(No symbol) [0x00007FF723BEB021]
	GetHandleVerifier [0x00007FF723E2F83D+1301229]
	GetHandleVerifier [0x00007FF723E3BDB7+1351783]
	GetHandleVerifier [0x00007FF723E32A03+1313971]
	GetHandleVerifier [0x00007FF723D2DD06+245686]
	(No symbol) [0x00007FF723CB758F]
	(No symbol) [0x00007FF723CB3804]
	(No symbol) [0x00007FF723CB3992]
	(No symbol) [0x00007FF723CAA3EF]
	BaseThreadInitThunk [0x00007FF832D7257D+29]
	RtlUserThreadStart [0x00007FF83342AF28+40]
]
[2024-08-13 13:41:05,915 - WARNING - [ConsorcioBB] Tentando novamente para o grupo 1473 devido a uma falha de execução.]
[2024-08-13 13:58:22,506 - ERROR - [ConsorcioBB] Erro ao processar grupo 1491: Message: 
Stacktrace:
	GetHandleVerifier [0x00007FF723CF9632+30946]
	(No symbol) [0x00007FF723CAE3C9]
	(No symbol) [0x00007FF723BA6FDA]
	(No symbol) [0x00007FF723BF822C]
	(No symbol) [0x00007FF723BF850C]
	(No symbol) [0x00007FF723C3DCB7]
	(No symbol) [0x00007FF723C1CAAF]
	(No symbol) [0x00007FF723C3B041]
	(No symbol) [0x00007FF723C1C813]
	(No symbol) [0x00007FF723BEA6E5]
	(No symbol) [0x00007FF723BEB021]
	GetHandleVerifier [0x00007FF723E2F83D+1301229]
	GetHandleVerifier [0x00007FF723E3BDB7+1351783]
	GetHandleVerifier [0x00007FF723E32A03+1313971]
	GetHandleVerifier [0x00007FF723D2DD06+245686]
	(No symbol) [0x00007FF723CB758F]
	(No symbol) [0x00007FF723CB3804]
	(No symbol) [0x00007FF723CB3992]
	(No symbol) [0x00007FF723CAA3EF]
	BaseThreadInitThunk [0x00007FF832D7257D+29]
	RtlUserThreadStart [0x00007FF83342AF28+40]
]
[2024-08-13 13:58:22,511 - WARNING - [ConsorcioBB] Tentando novamente para o grupo 1491 devido a uma falha de execução.]
[2024-08-13 14:15:21,579 - ERROR - error
Message: 
Stacktrace:
	GetHandleVerifier [0x00007FF723CF9632+30946]
	(No symbol) [0x00007FF723CAE3C9]
	(No symbol) [0x00007FF723BA6FDA]
	(No symbol) [0x00007FF723BF822C]
	(No symbol) [0x00007FF723BF850C]
	(No symbol) [0x00007FF723C3DCB7]
	(No symbol) [0x00007FF723C1CAAF]
	(No symbol) [0x00007FF723C3B041]
	(No symbol) [0x00007FF723C1C813]
	(No symbol) [0x00007FF723BEA6E5]
	(No symbol) [0x00007FF723BEB021]
	GetHandleVerifier [0x00007FF723E2F83D+1301229]
	GetHandleVerifier [0x00007FF723E3BDB7+1351783]
	GetHandleVerifier [0x00007FF723E32A03+1313971]
	GetHandleVerifier [0x00007FF723D2DD06+245686]
	(No symbol) [0x00007FF723CB758F]
	(No symbol) [0x00007FF723CB3804]
	(No symbol) [0x00007FF723CB3992]
	(No symbol) [0x00007FF723CAA3EF]
	BaseThreadInitThunk [0x00007FF832D7257D+29]
	RtlUserThreadStart [0x00007FF83342AF28+40]
]
[2024-08-13 14:15:21,595 - WARNING - [ConsorcioBB] Tentando novamente para o grupo 1391 devido a uma falha de execução.]
[2024-08-13 14:15:32,007 - WARNING - [ConsorcioBB] Média do grupo 1391 não pode ser gerada.]
[2024-08-13 14:15:44,776 - ERROR - [ConsorcioBB] Erro ao processar grupo 1397: Message: 
Stacktrace:
	GetHandleVerifier [0x00007FF723CF9632+30946]
	(No symbol) [0x00007FF723CAE3C9]
	(No symbol) [0x00007FF723BA6FDA]
	(No symbol) [0x00007FF723BF822C]
	(No symbol) [0x00007FF723BF850C]
	(No symbol) [0x00007FF723C3DCB7]
	(No symbol) [0x00007FF723C1CAAF]
	(No symbol) [0x00007FF723C3B041]
	(No symbol) [0x00007FF723C1C813]
	(No symbol) [0x00007FF723BEA6E5]
	(No symbol) [0x00007FF723BEB021]
	GetHandleVerifier [0x00007FF723E2F83D+1301229]
	GetHandleVerifier [0x00007FF723E3BDB7+1351783]
	GetHandleVerifier [0x00007FF723E32A03+1313971]
	GetHandleVerifier [0x00007FF723D2DD06+245686]
	(No symbol) [0x00007FF723CB758F]
	(No symbol) [0x00007FF723CB3804]
	(No symbol) [0x00007FF723CB3992]
	(No symbol) [0x00007FF723CAA3EF]
	BaseThreadInitThunk [0x00007FF832D7257D+29]
	RtlUserThreadStart [0x00007FF83342AF28+40]
]
[2024-08-13 14:15:44,784 - WARNING - [ConsorcioBB] Tentando novamente para o grupo 1397 devido a uma falha de execução.]
[2024-08-13 14:16:10,489 - ERROR - [ConsorcioBB] Erro ao processar grupo 1397: Message: 
Stacktrace:
	GetHandleVerifier [0x00007FF723CF9632+30946]
	(No symbol) [0x00007FF723CAE3C9]
	(No symbol) [0x00007FF723BA6FDA]
	(No symbol) [0x00007FF723BF822C]
	(No symbol) [0x00007FF723BF850C]
	(No symbol) [0x00007FF723C3DCB7]
	(No symbol) [0x00007FF723C1CAAF]
	(No symbol) [0x00007FF723C3B041]
	(No symbol) [0x00007FF723C1C813]
	(No symbol) [0x00007FF723BEA6E5]
	(No symbol) [0x00007FF723BEB021]
	GetHandleVerifier [0x00007FF723E2F83D+1301229]
	GetHandleVerifier [0x00007FF723E3BDB7+1351783]
	GetHandleVerifier [0x00007FF723E32A03+1313971]
	GetHandleVerifier [0x00007FF723D2DD06+245686]
	(No symbol) [0x00007FF723CB758F]
	(No symbol) [0x00007FF723CB3804]
	(No symbol) [0x00007FF723CB3992]
	(No symbol) [0x00007FF723CAA3EF]
	BaseThreadInitThunk [0x00007FF832D7257D+29]
	RtlUserThreadStart [0x00007FF83342AF28+40]
]
[2024-08-13 14:16:10,498 - WARNING - [ConsorcioBB] Média do grupo 1397 não pode ser gerada.]
[2024-08-13 14:26:26,592 - ERROR - [ConsorcioBB] Erro ao processar grupo 1453: Message: 
Stacktrace:
	GetHandleVerifier [0x00007FF723CF9632+30946]
	(No symbol) [0x00007FF723CAE3C9]
	(No symbol) [0x00007FF723BA6FDA]
	(No symbol) [0x00007FF723BF822C]
	(No symbol) [0x00007FF723BF850C]
	(No symbol) [0x00007FF723C3DCB7]
	(No symbol) [0x00007FF723C1CAAF]
	(No symbol) [0x00007FF723C3B041]
	(No symbol) [0x00007FF723C1C813]
	(No symbol) [0x00007FF723BEA6E5]
	(No symbol) [0x00007FF723BEB021]
	GetHandleVerifier [0x00007FF723E2F83D+1301229]
	GetHandleVerifier [0x00007FF723E3BDB7+1351783]
	GetHandleVerifier [0x00007FF723E32A03+1313971]
	GetHandleVerifier [0x00007FF723D2DD06+245686]
	(No symbol) [0x00007FF723CB758F]
	(No symbol) [0x00007FF723CB3804]
	(No symbol) [0x00007FF723CB3992]
	(No symbol) [0x00007FF723CAA3EF]
	BaseThreadInitThunk [0x00007FF832D7257D+29]
	RtlUserThreadStart [0x00007FF83342AF28+40]
]
[2024-08-13 14:26:26,617 - WARNING - [ConsorcioBB] Tentando novamente para o grupo 1453 devido a uma falha de execução.]
[2024-08-13 14:30:52,636 - ERROR - [ConsorcioBB] Erro ao processar grupo 1530: Message: 
Stacktrace:
	GetHandleVerifier [0x00007FF723CF9632+30946]
	(No symbol) [0x00007FF723CAE3C9]
	(No symbol) [0x00007FF723BA6FDA]
	(No symbol) [0x00007FF723BF822C]
	(No symbol) [0x00007FF723BF850C]
	(No symbol) [0x00007FF723C3DCB7]
	(No symbol) [0x00007FF723C1CAAF]
	(No symbol) [0x00007FF723C3B041]
	(No symbol) [0x00007FF723C1C813]
	(No symbol) [0x00007FF723BEA6E5]
	(No symbol) [0x00007FF723BEB021]
	GetHandleVerifier [0x00007FF723E2F83D+1301229]
	GetHandleVerifier [0x00007FF723E3BDB7+1351783]
	GetHandleVerifier [0x00007FF723E32A03+1313971]
	GetHandleVerifier [0x00007FF723D2DD06+245686]
	(No symbol) [0x00007FF723CB758F]
	(No symbol) [0x00007FF723CB3804]
	(No symbol) [0x00007FF723CB3992]
	(No symbol) [0x00007FF723CAA3EF]
	BaseThreadInitThunk [0x00007FF832D7257D+29]
	RtlUserThreadStart [0x00007FF83342AF28+40]
]
[2024-08-13 14:30:52,644 - WARNING - [ConsorcioBB] Tentando novamente para o grupo 1530 devido a uma falha de execução.]
[2024-08-13 14:38:44,973 - ERROR - [ConsorcioBB] Erro ao processar grupo 1598: Message: 
Stacktrace:
	GetHandleVerifier [0x00007FF723CF9632+30946]
	(No symbol) [0x00007FF723CAE3C9]
	(No symbol) [0x00007FF723BA6FDA]
	(No symbol) [0x00007FF723BF822C]
	(No symbol) [0x00007FF723BF850C]
	(No symbol) [0x00007FF723C3DCB7]
	(No symbol) [0x00007FF723C1CAAF]
	(No symbol) [0x00007FF723C3B041]
	(No symbol) [0x00007FF723C1C813]
	(No symbol) [0x00007FF723BEA6E5]
	(No symbol) [0x00007FF723BEB021]
	GetHandleVerifier [0x00007FF723E2F83D+1301229]
	GetHandleVerifier [0x00007FF723E3BDB7+1351783]
	GetHandleVerifier [0x00007FF723E32A03+1313971]
	GetHandleVerifier [0x00007FF723D2DD06+245686]
	(No symbol) [0x00007FF723CB758F]
	(No symbol) [0x00007FF723CB3804]
	(No symbol) [0x00007FF723CB3992]
	(No symbol) [0x00007FF723CAA3EF]
	BaseThreadInitThunk [0x00007FF832D7257D+29]
	RtlUserThreadStart [0x00007FF83342AF28+40]
]
[2024-08-13 14:38:44,973 - WARNING - [ConsorcioBB] Tentando novamente para o grupo 1598 devido a uma falha de execução.]
[2024-08-13 14:42:13,220 - ERROR - [ConsorcioBB] Erro ao processar grupo 1708: Message: 
Stacktrace:
	GetHandleVerifier [0x00007FF723CF9632+30946]
	(No symbol) [0x00007FF723CAE3C9]
	(No symbol) [0x00007FF723BA6FDA]
	(No symbol) [0x00007FF723BF822C]
	(No symbol) [0x00007FF723BF850C]
	(No symbol) [0x00007FF723C3DCB7]
	(No symbol) [0x00007FF723C1CAAF]
	(No symbol) [0x00007FF723C3B041]
	(No symbol) [0x00007FF723C1C813]
	(No symbol) [0x00007FF723BEA6E5]
	(No symbol) [0x00007FF723BEB021]
	GetHandleVerifier [0x00007FF723E2F83D+1301229]
	GetHandleVerifier [0x00007FF723E3BDB7+1351783]
	GetHandleVerifier [0x00007FF723E32A03+1313971]
	GetHandleVerifier [0x00007FF723D2DD06+245686]
	(No symbol) [0x00007FF723CB758F]
	(No symbol) [0x00007FF723CB3804]
	(No symbol) [0x00007FF723CB3992]
	(No symbol) [0x00007FF723CAA3EF]
	BaseThreadInitThunk [0x00007FF832D7257D+29]
	RtlUserThreadStart [0x00007FF83342AF28+40]
]
[2024-08-13 14:42:13,220 - WARNING - [ConsorcioBB] Tentando novamente para o grupo 1708 devido a uma falha de execução.]
[2024-08-13 14:43:40,264 - ERROR - [ConsorcioBB] Erro ao processar grupo 1474: Message: 
Stacktrace:
	GetHandleVerifier [0x00007FF723CF9632+30946]
	(No symbol) [0x00007FF723CAE3C9]
	(No symbol) [0x00007FF723BA6FDA]
	(No symbol) [0x00007FF723BF822C]
	(No symbol) [0x00007FF723BF850C]
	(No symbol) [0x00007FF723C3DCB7]
	(No symbol) [0x00007FF723C1CAAF]
	(No symbol) [0x00007FF723C3B041]
	(No symbol) [0x00007FF723C1C813]
	(No symbol) [0x00007FF723BEA6E5]
	(No symbol) [0x00007FF723BEB021]
	GetHandleVerifier [0x00007FF723E2F83D+1301229]
	GetHandleVerifier [0x00007FF723E3BDB7+1351783]
	GetHandleVerifier [0x00007FF723E32A03+1313971]
	GetHandleVerifier [0x00007FF723D2DD06+245686]
	(No symbol) [0x00007FF723CB758F]
	(No symbol) [0x00007FF723CB3804]
	(No symbol) [0x00007FF723CB3992]
	(No symbol) [0x00007FF723CAA3EF]
	BaseThreadInitThunk [0x00007FF832D7257D+29]
	RtlUserThreadStart [0x00007FF83342AF28+40]
]
[2024-08-13 14:43:40,280 - WARNING - [ConsorcioBB] Tentando novamente para o grupo 1474 devido a uma falha de execução.]
[2024-08-13 14:43:52,301 - ERROR - [ConsorcioBB] Erro ao processar grupo 1474: Message: 
Stacktrace:
	GetHandleVerifier [0x00007FF723CF9632+30946]
	(No symbol) [0x00007FF723CAE3C9]
	(No symbol) [0x00007FF723BA6FDA]
	(No symbol) [0x00007FF723BF822C]
	(No symbol) [0x00007FF723BF850C]
	(No symbol) [0x00007FF723C3DCB7]
	(No symbol) [0x00007FF723C1CAAF]
	(No symbol) [0x00007FF723C3B041]
	(No symbol) [0x00007FF723C1C813]
	(No symbol) [0x00007FF723BEA6E5]
	(No symbol) [0x00007FF723BEB021]
	GetHandleVerifier [0x00007FF723E2F83D+1301229]
	GetHandleVerifier [0x00007FF723E3BDB7+1351783]
	GetHandleVerifier [0x00007FF723E32A03+1313971]
	GetHandleVerifier [0x00007FF723D2DD06+245686]
	(No symbol) [0x00007FF723CB758F]
	(No symbol) [0x00007FF723CB3804]
	(No symbol) [0x00007FF723CB3992]
	(No symbol) [0x00007FF723CAA3EF]
	BaseThreadInitThunk [0x00007FF832D7257D+29]
	RtlUserThreadStart [0x00007FF83342AF28+40]
]
[2024-08-13 14:43:52,301 - WARNING - [ConsorcioBB] Média do grupo 1474 não pode ser gerada.]
[2024-08-13 14:48:36,933 - ERROR - [ConsorcioBB] Erro ao processar grupo 1634: Message: 
Stacktrace:
	GetHandleVerifier [0x00007FF723CF9632+30946]
	(No symbol) [0x00007FF723CAE3C9]
	(No symbol) [0x00007FF723BA6FDA]
	(No symbol) [0x00007FF723BF822C]
	(No symbol) [0x00007FF723BF850C]
	(No symbol) [0x00007FF723C3DCB7]
	(No symbol) [0x00007FF723C1CAAF]
	(No symbol) [0x00007FF723C3B041]
	(No symbol) [0x00007FF723C1C813]
	(No symbol) [0x00007FF723BEA6E5]
	(No symbol) [0x00007FF723BEB021]
	GetHandleVerifier [0x00007FF723E2F83D+1301229]
	GetHandleVerifier [0x00007FF723E3BDB7+1351783]
	GetHandleVerifier [0x00007FF723E32A03+1313971]
	GetHandleVerifier [0x00007FF723D2DD06+245686]
	(No symbol) [0x00007FF723CB758F]
	(No symbol) [0x00007FF723CB3804]
	(No symbol) [0x00007FF723CB3992]
	(No symbol) [0x00007FF723CAA3EF]
	BaseThreadInitThunk [0x00007FF832D7257D+29]
	RtlUserThreadStart [0x00007FF83342AF28+40]
]
[2024-08-13 14:48:36,949 - WARNING - [ConsorcioBB] Tentando novamente para o grupo 1634 devido a uma falha de execução.]
[2024-08-13 14:48:47,501 - ERROR - [ConsorcioBB] Erro ao processar grupo 1634: Message: 
Stacktrace:
	GetHandleVerifier [0x00007FF723CF9632+30946]
	(No symbol) [0x00007FF723CAE3C9]
	(No symbol) [0x00007FF723BA6FDA]
	(No symbol) [0x00007FF723BF822C]
	(No symbol) [0x00007FF723BF850C]
	(No symbol) [0x00007FF723C3DCB7]
	(No symbol) [0x00007FF723C1CAAF]
	(No symbol) [0x00007FF723C3B041]
	(No symbol) [0x00007FF723C1C813]
	(No symbol) [0x00007FF723BEA6E5]
	(No symbol) [0x00007FF723BEB021]
	GetHandleVerifier [0x00007FF723E2F83D+1301229]
	GetHandleVerifier [0x00007FF723E3BDB7+1351783]
	GetHandleVerifier [0x00007FF723E32A03+1313971]
	GetHandleVerifier [0x00007FF723D2DD06+245686]
	(No symbol) [0x00007FF723CB758F]
	(No symbol) [0x00007FF723CB3804]
	(No symbol) [0x00007FF723CB3992]
	(No symbol) [0x00007FF723CAA3EF]
	BaseThreadInitThunk [0x00007FF832D7257D+29]
	RtlUserThreadStart [0x00007FF83342AF28+40]
]
[2024-08-13 14:48:47,501 - WARNING - [ConsorcioBB] Média do grupo 1634 não pode ser gerada.]
[2024-08-13 14:50:50,712 - INFO - [ConsorcioBB] Média contemplações extraídas com sucesso.]
[2024-08-13 14:50:50,962 - INFO - [Executar] Arquivo 'df_medias_assembleias.xlsx' criado com sucesso.]
[2024-08-13 14:50:51,479 - INFO - [Executar] Arquivo 'TodosGruposAtivos.xlsx' criado com sucesso.]
[2024-08-13 14:50:51,479 - INFO - [ConsorcioBB] Encerrando Chrome.]
[2024-08-13 14:55:03,274 - INFO - [Executar] Iniciando execução [8] datetime [2024-08-13 14:55:03]]
[2024-08-13 14:55:05,095 - WARNING - [Executar] ARQUIVO 'TodosGruposAtivosComVendas.xlsx' GERADO COM SUCESSO.]
[2024-08-13 14:55:05,095 - ERROR - 
[Executar] Falha ao executar programa.
ERROR-> name 'directory_mother' is not defined]
[2024-08-13 14:55:05,095 - ERROR - [Executar] Execução Finalizada [2024-08-13 14:55:05] | new execution count [9]]
[2024-08-13 14:55:43,935 - INFO - [Executar] Iniciando execução [8] datetime [2024-08-13 14:55:43]]
[2024-08-13 14:55:45,700 - WARNING - [Executar] ARQUIVO 'TodosGruposAtivosComVendas.xlsx' GERADO COM SUCESSO.]
