[2024-07-06 11:25:47,372 - INFO - [Executar] Iniciando execução [1] datetime [2024-07-06 11:25:47]]
[2024-07-06 11:25:55,294 - WARNING - [ConsorcioBB] Versão Selenium Em Execução (V4.21.0).]
[2024-07-06 11:25:55,294 - INFO - [ConsorcioBB] Iniciando Chrome...]
[2024-07-06 11:25:57,748 - INFO - [ConsorcioBB] Acessando URL (https://www.parceirosbbconsorcios.com.br).]
[2024-07-06 11:25:58,374 - INFO - [ConsorcioBB] Efetuando login PP BB Consórcio.]
[2024-07-06 11:25:59,551 - INFO - [ConsorcioBB] Logado com sucesso no PP BB Consórcio.]
[2024-07-06 11:25:59,551 - INFO - [ConsorcioBB] Fechando Poup-Up Inicial.]
[2024-07-06 11:25:59,634 - INFO - [ConsorcioBB] Poup-Up fechado.]
[2024-07-06 11:26:18,437 - INFO - [ConsorcioBB] Data frame Grupos Ativos [TC] extraído com sucesso. ]
[2024-07-06 11:26:41,860 - INFO - [ConsorcioBB] Data frame Grupos Ativos [AI] extraído com sucesso. ]
[2024-07-06 11:27:32,830 - INFO - [ConsorcioBB] Data frame Grupos Ativos [AU] extraído com sucesso. ]
[2024-07-06 11:27:52,174 - INFO - [ConsorcioBB] Data frame Grupos Ativos [MO] extraído com sucesso. ]
[2024-07-06 11:28:15,642 - INFO - [ConsorcioBB] Data frame Grupos Ativos [EE] extraído com sucesso. ]
[2024-07-06 11:28:27,802 - INFO - [ConsorcioBB] Data frame Grupos Ativos [IM240] extraído com sucesso. ]
[2024-07-06 11:28:30,939 - INFO - [ConsorcioBB] Data frame Grupos Ativos [IMP] extraído com sucesso. ]
[2024-07-06 11:28:31,918 - INFO - [Executar] Arquivo 'df_todosGruposAtivos.xlsx' criado com sucesso.]
[2024-07-06 11:30:27,448 - INFO - [ConsorcioBB] Dados das Assembleias Extraídos com Sucesso.]
[2024-07-06 11:30:28,086 - INFO - [Executar] Arquivo 'df_dados_assembleia.xlsx' criado com sucesso.]
[2024-07-06 12:39:09,243 - INFO - [ConsorcioBB] Média contemplações extraídas com sucesso.]
[2024-07-06 12:39:09,534 - INFO - [Executar] Arquivo 'df_medias_assembleias.xlsx' criado com sucesso.]
[2024-07-06 12:39:10,073 - INFO - [Executar] Arquivo 'TodosGruposAtivos.xlsx' criado com sucesso.]
[2024-07-06 12:39:10,074 - INFO - [ConsorcioBB] Encerrando Chrome.]
