[2024-07-24 18:50:16,577 - INFO - [Executar] Iniciando execução [4] datetime [2024-07-24 18:50:16]]
[2024-07-24 18:50:23,040 - WARNING - [ConsorcioBB] Versão Selenium Em Execução (V4.21.0).]
[2024-07-24 18:50:23,040 - INFO - [ConsorcioBB] Iniciando Chrome...]
[2024-07-24 18:50:24,920 - INFO - [ConsorcioBB] Acessando URL (https://www.parceirosbbconsorcios.com.br).]
[2024-07-24 18:50:25,421 - INFO - [ConsorcioBB] Efetuando login PP BB Consórcio.]
[2024-07-24 18:50:26,533 - INFO - [ConsorcioBB] Logado com sucesso no PP BB Consórcio.]
[2024-07-24 18:50:26,533 - INFO - [ConsorcioBB] Fechando Poup-Up Inicial.]
[2024-07-24 18:50:26,648 - INFO - [ConsorcioBB] Poup-Up fechado.]
[2024-07-24 18:50:45,406 - INFO - [ConsorcioBB] Data frame Grupos Ativos [TC] extraído com sucesso. ]
[2024-07-24 18:51:09,212 - INFO - [ConsorcioBB] Data frame Grupos Ativos [AI] extraído com sucesso. ]
[2024-07-24 18:51:54,536 - INFO - [ConsorcioBB] Data frame Grupos Ativos [AU] extraído com sucesso. ]
[2024-07-24 18:52:10,742 - INFO - [ConsorcioBB] Data frame Grupos Ativos [MO] extraído com sucesso. ]
[2024-07-24 18:52:31,386 - INFO - [ConsorcioBB] Data frame Grupos Ativos [EE] extraído com sucesso. ]
[2024-07-24 18:52:42,670 - INFO - [ConsorcioBB] Data frame Grupos Ativos [IM240] extraído com sucesso. ]
[2024-07-24 18:52:45,352 - INFO - [ConsorcioBB] Data frame Grupos Ativos [IMP] extraído com sucesso. ]
[2024-07-24 18:52:46,235 - INFO - [Executar] Arquivo 'df_todosGruposAtivos.xlsx' criado com sucesso.]
[2024-07-24 18:54:10,168 - INFO - [ConsorcioBB] Dados das Assembleias Extraídos com Sucesso.]
[2024-07-24 18:54:10,500 - INFO - [Executar] Arquivo 'df_dados_assembleia.xlsx' criado com sucesso.]
[2024-07-24 18:54:10,934 - INFO - [Executar] Arquivo 'TodosGruposAtivos.xlsx' criado com sucesso.]
[2024-07-24 18:54:10,934 - INFO - [ConsorcioBB] Encerrando Chrome.]
