[2024-07-16 13:48:49,103 - INFO - [Executar] Iniciando execução [2] datetime [2024-07-16 13:48:49]]
[2024-07-16 13:48:58,273 - WARNING - [ConsorcioBB] Versão Selenium Em Execução (V4.21.0).]
[2024-07-16 13:48:58,273 - INFO - [ConsorcioBB] Iniciando Chrome...]
[2024-07-16 13:49:01,339 - INFO - [ConsorcioBB] Acessando URL (https://www.parceirosbbconsorcios.com.br).]
[2024-07-16 13:49:02,705 - INFO - [ConsorcioBB] Efetuando login PP BB Consórcio.]
[2024-07-16 13:49:03,546 - INFO - [ConsorcioBB] Logado com sucesso no PP BB Consórcio.]
[2024-07-16 13:49:03,546 - INFO - [ConsorcioBB] Fechando Poup-Up Inicial.]
[2024-07-16 13:49:03,626 - INFO - [ConsorcioBB] Poup-Up fechado.]
[2024-07-16 13:49:19,714 - INFO - [ConsorcioBB] Data frame Grupos Ativos [TC] extraído com sucesso. ]
[2024-07-16 13:49:41,128 - INFO - [ConsorcioBB] Data frame Grupos Ativos [AI] extraído com sucesso. ]
[2024-07-16 13:50:19,241 - INFO - [ConsorcioBB] Data frame Grupos Ativos [AU] extraído com sucesso. ]
[2024-07-16 13:50:35,442 - INFO - [ConsorcioBB] Data frame Grupos Ativos [MO] extraído com sucesso. ]
[2024-07-16 13:50:58,687 - INFO - [ConsorcioBB] Data frame Grupos Ativos [EE] extraído com sucesso. ]
[2024-07-16 13:51:07,519 - INFO - [ConsorcioBB] Data frame Grupos Ativos [IM240] extraído com sucesso. ]
[2024-07-16 13:51:09,552 - INFO - [ConsorcioBB] Data frame Grupos Ativos [IMP] extraído com sucesso. ]
[2024-07-16 13:51:10,388 - INFO - [Executar] Arquivo 'df_todosGruposAtivos.xlsx' criado com sucesso.]
[2024-07-16 13:52:31,388 - INFO - [ConsorcioBB] Dados das Assembleias Extraídos com Sucesso.]
[2024-07-16 13:52:31,675 - INFO - [Executar] Arquivo 'df_dados_assembleia.xlsx' criado com sucesso.]
[2024-07-16 14:53:26,267 - ERROR - [ConsorcioBB] Erro ao processar grupo 1606: Message: 
Stacktrace:
	GetHandleVerifier [0x00007FF75F0C1F52+60322]
	(No symbol) [0x00007FF75F03CEC9]
	(No symbol) [0x00007FF75EEF7EBA]
	(No symbol) [0x00007FF75EF47676]
	(No symbol) [0x00007FF75EF4773C]
	(No symbol) [0x00007FF75EF8E967]
	(No symbol) [0x00007FF75EF6C25F]
	(No symbol) [0x00007FF75EF8BC80]
	(No symbol) [0x00007FF75EF6BFC3]
	(No symbol) [0x00007FF75EF39617]
	(No symbol) [0x00007FF75EF3A211]
	GetHandleVerifier [0x00007FF75F3D94AD+3301629]
	GetHandleVerifier [0x00007FF75F4236D3+3605283]
	GetHandleVerifier [0x00007FF75F419450+3563680]
	GetHandleVerifier [0x00007FF75F174326+790390]
	(No symbol) [0x00007FF75F04750F]
	(No symbol) [0x00007FF75F043404]
	(No symbol) [0x00007FF75F043592]
	(No symbol) [0x00007FF75F032F9F]
	BaseThreadInitThunk [0x00007FFC57A8257D+29]
	RtlUserThreadStart [0x00007FFC59D4AF28+40]
]
[2024-07-16 14:53:26,273 - WARNING - [ConsorcioBB] Tentando novamente para o grupo 1606 devido a um erro.]
[2024-07-16 14:54:30,951 - ERROR - [ConsorcioBB] Erro ao processar grupo 1657: Message: 
Stacktrace:
	GetHandleVerifier [0x00007FF75F0C1F52+60322]
	(No symbol) [0x00007FF75F03CEC9]
	(No symbol) [0x00007FF75EEF7EBA]
	(No symbol) [0x00007FF75EF47676]
	(No symbol) [0x00007FF75EF4773C]
	(No symbol) [0x00007FF75EF8E967]
	(No symbol) [0x00007FF75EF6C25F]
	(No symbol) [0x00007FF75EF8BC80]
	(No symbol) [0x00007FF75EF6BFC3]
	(No symbol) [0x00007FF75EF39617]
	(No symbol) [0x00007FF75EF3A211]
	GetHandleVerifier [0x00007FF75F3D94AD+3301629]
	GetHandleVerifier [0x00007FF75F4236D3+3605283]
	GetHandleVerifier [0x00007FF75F419450+3563680]
	GetHandleVerifier [0x00007FF75F174326+790390]
	(No symbol) [0x00007FF75F04750F]
	(No symbol) [0x00007FF75F043404]
	(No symbol) [0x00007FF75F043592]
	(No symbol) [0x00007FF75F032F9F]
	BaseThreadInitThunk [0x00007FFC57A8257D+29]
	RtlUserThreadStart [0x00007FFC59D4AF28+40]
]
[2024-07-16 14:54:30,955 - WARNING - [ConsorcioBB] Tentando novamente para o grupo 1657 devido a um erro.]
[2024-07-16 14:55:22,604 - INFO - [ConsorcioBB] Média contemplações extraídas com sucesso.]
[2024-07-16 14:55:22,797 - INFO - [Executar] Arquivo 'df_medias_assembleias.xlsx' criado com sucesso.]
[2024-07-16 14:55:23,246 - INFO - [Executar] Arquivo 'TodosGruposAtivos.xlsx' criado com sucesso.]
[2024-07-16 14:55:23,246 - INFO - [ConsorcioBB] Encerrando Chrome.]
[2024-07-18 11:01:13,623 - INFO - [Executar] Iniciando execução [2] datetime [2024-07-18 11:01:13]]
[2024-07-18 11:01:21,440 - WARNING - [ConsorcioBB] Versão Selenium Em Execução (V4.21.0).]
[2024-07-18 11:01:21,440 - INFO - [ConsorcioBB] Iniciando Chrome...]
[2024-07-18 11:01:26,514 - INFO - [ConsorcioBB] Acessando URL (https://www.parceirosbbconsorcios.com.br).]
[2024-07-18 11:01:29,438 - INFO - [ConsorcioBB] Efetuando login PP BB Consórcio.]
[2024-07-18 11:01:34,219 - INFO - [ConsorcioBB] Logado com sucesso no PP BB Consórcio.]
[2024-07-18 11:01:34,220 - INFO - [ConsorcioBB] Fechando Poup-Up Inicial.]
[2024-07-18 11:01:34,370 - INFO - [ConsorcioBB] Poup-Up fechado.]
[2024-07-18 11:02:05,358 - INFO - [ConsorcioBB] Data frame Grupos Ativos [TC] extraído com sucesso. ]
[2024-07-18 11:02:35,686 - INFO - [ConsorcioBB] Data frame Grupos Ativos [AI] extraído com sucesso. ]
[2024-07-18 11:03:27,823 - INFO - [ConsorcioBB] Data frame Grupos Ativos [AU] extraído com sucesso. ]
[2024-07-18 11:03:49,678 - INFO - [ConsorcioBB] Data frame Grupos Ativos [MO] extraído com sucesso. ]
[2024-07-18 11:04:19,642 - INFO - [ConsorcioBB] Data frame Grupos Ativos [EE] extraído com sucesso. ]
[2024-07-18 11:04:38,367 - INFO - [ConsorcioBB] Data frame Grupos Ativos [IM240] extraído com sucesso. ]
[2024-07-18 11:04:44,556 - INFO - [ConsorcioBB] Data frame Grupos Ativos [IMP] extraído com sucesso. ]
[2024-07-18 11:04:45,608 - INFO - [Executar] Arquivo 'df_todosGruposAtivos.xlsx' criado com sucesso.]
[2024-07-18 11:06:27,907 - INFO - [ConsorcioBB] Dados das Assembleias Extraídos com Sucesso.]
[2024-07-18 11:06:28,342 - INFO - [Executar] Arquivo 'df_dados_assembleia.xlsx' criado com sucesso.]
[2024-07-18 11:14:19,923 - INFO - [Executar] Iniciando execução [2] datetime [2024-07-18 11:14:19]]
[2024-07-18 11:14:39,472 - WARNING - [ConsorcioBB] Versão Selenium Em Execução (V4.21.0).]
[2024-07-18 11:14:39,472 - INFO - [ConsorcioBB] Iniciando Chrome...]
[2024-07-18 11:14:41,405 - INFO - [ConsorcioBB] Acessando URL (https://www.parceirosbbconsorcios.com.br).]
[2024-07-18 11:14:42,411 - INFO - [ConsorcioBB] Efetuando login PP BB Consórcio.]
[2024-07-18 11:14:45,405 - INFO - [ConsorcioBB] Logado com sucesso no PP BB Consórcio.]
[2024-07-18 11:14:45,406 - INFO - [ConsorcioBB] Fechando Poup-Up Inicial.]
[2024-07-18 11:14:45,490 - INFO - [ConsorcioBB] Poup-Up fechado.]
[2024-07-18 11:15:08,361 - INFO - [ConsorcioBB] Data frame Grupos Ativos [TC] extraído com sucesso. ]
[2024-07-18 11:15:34,564 - INFO - [ConsorcioBB] Data frame Grupos Ativos [AI] extraído com sucesso. ]
[2024-07-18 11:16:27,920 - INFO - [ConsorcioBB] Data frame Grupos Ativos [AU] extraído com sucesso. ]
[2024-07-18 11:16:48,368 - INFO - [ConsorcioBB] Data frame Grupos Ativos [MO] extraído com sucesso. ]
[2024-07-18 11:17:14,570 - INFO - [ConsorcioBB] Data frame Grupos Ativos [EE] extraído com sucesso. ]
[2024-07-18 11:17:31,027 - INFO - [ConsorcioBB] Data frame Grupos Ativos [IM240] extraído com sucesso. ]
[2024-07-18 11:17:36,542 - INFO - [ConsorcioBB] Data frame Grupos Ativos [IMP] extraído com sucesso. ]
[2024-07-18 11:17:37,596 - INFO - [Executar] Arquivo 'df_todosGruposAtivos.xlsx' criado com sucesso.]
[2024-07-18 11:19:32,055 - INFO - [ConsorcioBB] Dados das Assembleias Extraídos com Sucesso.]
[2024-07-18 11:19:32,402 - INFO - [Executar] Arquivo 'df_dados_assembleia.xlsx' criado com sucesso.]
[2024-07-18 11:19:32,428 - ERROR - 
[Executar] Falha ao executar programa.
ERROR-> "['Media Lance M6', 'Media Lance M5', 'Media Lance M4'] not in index"]
[2024-07-18 11:19:32,430 - ERROR - [Executar] Execução Finalizada [2024-07-18 11:19:32] | new execution count [3]]
[2024-07-18 11:20:40,894 - INFO - [Executar] Iniciando execução [2] datetime [2024-07-18 11:20:40]]
[2024-07-18 11:22:48,144 - WARNING - [ConsorcioBB] Versão Selenium Em Execução (V4.21.0).]
[2024-07-18 11:22:48,144 - INFO - [ConsorcioBB] Iniciando Chrome...]
[2024-07-18 11:22:50,086 - INFO - [ConsorcioBB] Acessando URL (https://www.parceirosbbconsorcios.com.br).]
[2024-07-18 11:22:52,426 - INFO - [ConsorcioBB] Efetuando login PP BB Consórcio.]
[2024-07-18 11:22:53,890 - INFO - [ConsorcioBB] Logado com sucesso no PP BB Consórcio.]
[2024-07-18 11:22:53,891 - INFO - [ConsorcioBB] Fechando Poup-Up Inicial.]
[2024-07-18 11:22:53,977 - INFO - [ConsorcioBB] Poup-Up fechado.]
[2024-07-18 11:23:18,401 - INFO - [ConsorcioBB] Data frame Grupos Ativos [TC] extraído com sucesso. ]
[2024-07-18 11:23:49,930 - INFO - [ConsorcioBB] Data frame Grupos Ativos [AI] extraído com sucesso. ]
[2024-07-18 11:24:38,870 - INFO - [ConsorcioBB] Data frame Grupos Ativos [AU] extraído com sucesso. ]
[2024-07-18 11:24:58,600 - INFO - [ConsorcioBB] Data frame Grupos Ativos [MO] extraído com sucesso. ]
[2024-07-18 11:25:26,969 - INFO - [ConsorcioBB] Data frame Grupos Ativos [EE] extraído com sucesso. ]
[2024-07-18 11:25:40,129 - INFO - [ConsorcioBB] Data frame Grupos Ativos [IM240] extraído com sucesso. ]
[2024-07-18 11:25:46,777 - INFO - [ConsorcioBB] Data frame Grupos Ativos [IMP] extraído com sucesso. ]
[2024-07-18 11:25:47,585 - INFO - [Executar] Arquivo 'df_todosGruposAtivos.xlsx' criado com sucesso.]
[2024-07-18 11:27:33,042 - INFO - [ConsorcioBB] Dados das Assembleias Extraídos com Sucesso.]
[2024-07-18 11:27:33,402 - INFO - [Executar] Arquivo 'df_dados_assembleia.xlsx' criado com sucesso.]
[2024-07-18 11:27:33,861 - INFO - [Executar] Arquivo 'TodosGruposAtivos.xlsx' criado com sucesso.]
[2024-07-18 11:27:33,862 - INFO - [ConsorcioBB] Encerrando Chrome.]
